<?xml version="1.0" encoding="UTF-8"?>
<testsuite xmlns:xsi="http://www.w3.org/2001/XMLSchema-instance" xsi:noNamespaceSchemaLocation="https://maven.apache.org/surefire/maven-surefire-plugin/xsd/surefire-test-report-3.0.xsd" version="3.0" name="TestSuite" time="47.328" tests="6" errors="0" skipped="0" failures="0">
  <properties>
[...]
</properties>
  <testcase name="test1postPet on test1postPet(Tests.api.swagger.apiTest)" classname="Tests.api.swagger.apiTest" time="2.43">
    <system-out><![CDATA[08:09:15.074 [main] WARN org.testng.TestRunner -- Support to run JUnit tests using TestNG stands deprecated and will be removed in future versions. You can now use the JUnit5 TestNG engine to run both JUnit and TestNG tests. For more information refer to https://github.com/junit-team/testng-engine .
08:09:15.134 [main] DEBUG MyClass -- = = = = = = = = => postPet test Start
08:09:15.134 [main] DEBUG MyClass -- - - - - - - - - - - - - - - - - - - -
08:09:17.559 [main] DEBUG MyClass -- Status Code: 200
08:09:17.559 [main] DEBUG MyClass -- id pet: 9223372036854775807
08:09:17.559 [main] DEBUG MyClass -- name pet: doggy
08:09:17.560 [main] DEBUG MyClass -- postPet test passed
08:09:17.560 [main] DEBUG MyClass -- __________________
]]></system-out>
  </testcase>
  <testcase name="test2getPet on test2getPet(Tests.api.swagger.apiTest)" classname="Tests.api.swagger.apiTest" time="1.004">
    <system-out><![CDATA[08:09:17.560 [main] DEBUG MyClass -- = = = = = = = = => getPet test Start
08:09:17.560 [main] DEBUG MyClass -- - - - - - - - - - - - - - - - - - - -
08:09:18.564 [main] DEBUG MyClass -- Status Code: 200
08:09:18.564 [main] DEBUG MyClass -- id pet: 9223372036854775807
08:09:18.564 [main] DEBUG MyClass -- name pet: doggy
08:09:18.564 [main] DEBUG MyClass -- getPet test passed
08:09:18.564 [main] DEBUG MyClass -- __________________
]]></system-out>
  </testcase>
  <testcase name="test3putPet on test3putPet(Tests.api.swagger.apiTest)" classname="Tests.api.swagger.apiTest" time="0.98">
    <system-out><![CDATA[08:09:18.565 [main] DEBUG MyClass -- = = = = = = = = => putPet test Start
08:09:18.565 [main] DEBUG MyClass -- - - - - - - - - - - - - - - - - - - -
08:09:18.565 [main] DEBUG MyClass -- name pet modified to: kitty
id: 9223372036854775807
08:09:19.544 [main] DEBUG MyClass -- put sent
...>
08:09:19.544 [main] DEBUG MyClass -- Status Code: 200
08:09:19.544 [main] DEBUG MyClass -- id pet: 9223372036854775807
08:09:19.544 [main] DEBUG MyClass -- name pet: kitty
08:09:19.544 [main] DEBUG MyClass -- putPet test passed
08:09:19.544 [main] DEBUG MyClass -- __________________
]]></system-out>
  </testcase>
  <testcase name="addToCartLaptop on addToCartLaptop(Tests.ui.addToCart.TestAddToCart)" classname="Tests.ui.addToCart.TestAddToCart" time="23.27">
    <system-out><![CDATA[08:09:19.634 [main] DEBUG io.netty.util.internal.logging.InternalLoggerFactory -- Using SLF4J as the default logging framework
08:09:19.636 [main] DEBUG io.netty.util.ResourceLeakDetector -- -Dio.netty.leakDetection.level: simple
08:09:19.636 [main] DEBUG io.netty.util.ResourceLeakDetector -- -Dio.netty.leakDetection.targetRecords: 4
08:09:19.638 [main] DEBUG io.netty.util.ResourceLeakDetectorFactory -- Loaded default ResourceLeakDetector: io.netty.util.ResourceLeakDetector@346f41a9
08:09:19.653 [main] DEBUG io.netty.util.internal.PlatformDependent0 -- -Dio.netty.noUnsafe: false
08:09:19.653 [main] DEBUG io.netty.util.internal.PlatformDependent0 -- Java version: 18
08:09:19.654 [main] DEBUG io.netty.util.internal.PlatformDependent0 -- sun.misc.Unsafe.theUnsafe: available
08:09:19.654 [main] DEBUG io.netty.util.internal.PlatformDependent0 -- sun.misc.Unsafe.copyMemory: available
08:09:19.655 [main] DEBUG io.netty.util.internal.PlatformDependent0 -- sun.misc.Unsafe.storeFence: available
08:09:19.655 [main] DEBUG io.netty.util.internal.PlatformDependent0 -- java.nio.Buffer.address: available
08:09:19.655 [main] DEBUG io.netty.util.internal.PlatformDependent0 -- direct buffer constructor: unavailable: Reflective setAccessible(true) disabled
08:09:19.656 [main] DEBUG io.netty.util.internal.PlatformDependent0 -- java.nio.Bits.unaligned: available, true
08:09:19.657 [main] DEBUG io.netty.util.internal.PlatformDependent0 -- jdk.internal.misc.Unsafe.allocateUninitializedArray(int): unavailable: class io.netty.util.internal.PlatformDependent0$7 cannot access class jdk.internal.misc.Unsafe (in module java.base) because module java.base does not export jdk.internal.misc to unnamed module @4cc0edeb
08:09:19.658 [main] DEBUG io.netty.util.internal.PlatformDependent0 -- java.nio.DirectByteBuffer.<init>(long, int): unavailable
08:09:19.658 [main] DEBUG io.netty.util.internal.PlatformDependent -- sun.misc.Unsafe: available
08:09:19.659 [main] DEBUG io.netty.util.internal.PlatformDependent -- maxDirectMemory: 8573157376 bytes (maybe)
08:09:19.659 [main] DEBUG io.netty.util.internal.PlatformDependent -- -Dio.netty.tmpdir: C:\Users\HZHope\AppData\Local\Temp (java.io.tmpdir)
08:09:19.659 [main] DEBUG io.netty.util.internal.PlatformDependent -- -Dio.netty.bitMode: 64 (sun.arch.data.model)
08:09:19.659 [main] DEBUG io.netty.util.internal.PlatformDependent -- Platform: Windows
08:09:19.660 [main] DEBUG io.netty.util.internal.PlatformDependent -- -Dio.netty.maxDirectMemory: -1 bytes
08:09:19.660 [main] DEBUG io.netty.util.internal.PlatformDependent -- -Dio.netty.uninitializedArrayAllocationThreshold: -1
08:09:19.661 [main] DEBUG io.netty.util.internal.CleanerJava9 -- java.nio.ByteBuffer.cleaner(): available
08:09:19.661 [main] DEBUG io.netty.util.internal.PlatformDependent -- -Dio.netty.noPreferDirect: false
08:09:19.668 [main] DEBUG io.netty.util.internal.PlatformDependent -- org.jctools-core.MpscChunkedArrayQueue: available
08:09:19.683 [main] DEBUG io.netty.util.internal.InternalThreadLocalMap -- -Dio.netty.threadLocalMap.stringBuilder.initialSize: 1024
08:09:19.683 [main] DEBUG io.netty.util.internal.InternalThreadLocalMap -- -Dio.netty.threadLocalMap.stringBuilder.maxSize: 4096
08:09:19.693 [main] DEBUG io.netty.handler.ssl.JdkSslContext -- Default protocols (JDK): [TLSv1.3, TLSv1.2] 
08:09:19.693 [main] DEBUG io.netty.handler.ssl.JdkSslContext -- Default cipher suites (JDK): [TLS_ECDHE_ECDSA_WITH_AES_256_GCM_SHA384, TLS_ECDHE_ECDSA_WITH_AES_128_GCM_SHA256, TLS_ECDHE_RSA_WITH_AES_128_GCM_SHA256, TLS_ECDHE_RSA_WITH_AES_256_GCM_SHA384, TLS_ECDHE_RSA_WITH_AES_128_CBC_SHA, TLS_ECDHE_RSA_WITH_AES_256_CBC_SHA, TLS_RSA_WITH_AES_128_GCM_SHA256, TLS_RSA_WITH_AES_128_CBC_SHA, TLS_RSA_WITH_AES_256_CBC_SHA, TLS_AES_128_GCM_SHA256, TLS_AES_256_GCM_SHA384]
08:09:19.715 [main] DEBUG io.netty.channel.MultithreadEventLoopGroup -- -Dio.netty.eventLoopThreads: 24
08:09:19.722 [main] DEBUG io.netty.channel.nio.NioEventLoop -- -Dio.netty.noKeySetOptimization: false
08:09:19.722 [main] DEBUG io.netty.channel.nio.NioEventLoop -- -Dio.netty.selectorAutoRebuildThreshold: 512
08:09:19.756 [main] DEBUG io.netty.buffer.PooledByteBufAllocator -- -Dio.netty.allocator.numHeapArenas: 24
08:09:19.756 [main] DEBUG io.netty.buffer.PooledByteBufAllocator -- -Dio.netty.allocator.numDirectArenas: 24
08:09:19.756 [main] DEBUG io.netty.buffer.PooledByteBufAllocator -- -Dio.netty.allocator.pageSize: 8192
08:09:19.756 [main] DEBUG io.netty.buffer.PooledByteBufAllocator -- -Dio.netty.allocator.maxOrder: 9
08:09:19.756 [main] DEBUG io.netty.buffer.PooledByteBufAllocator -- -Dio.netty.allocator.chunkSize: 4194304
08:09:19.756 [main] DEBUG io.netty.buffer.PooledByteBufAllocator -- -Dio.netty.allocator.smallCacheSize: 256
08:09:19.756 [main] DEBUG io.netty.buffer.PooledByteBufAllocator -- -Dio.netty.allocator.normalCacheSize: 64
08:09:19.756 [main] DEBUG io.netty.buffer.PooledByteBufAllocator -- -Dio.netty.allocator.maxCachedBufferCapacity: 32768
08:09:19.756 [main] DEBUG io.netty.buffer.PooledByteBufAllocator -- -Dio.netty.allocator.cacheTrimInterval: 8192
08:09:19.756 [main] DEBUG io.netty.buffer.PooledByteBufAllocator -- -Dio.netty.allocator.cacheTrimIntervalMillis: 0
08:09:19.756 [main] DEBUG io.netty.buffer.PooledByteBufAllocator -- -Dio.netty.allocator.useCacheForAllThreads: false
08:09:19.756 [main] DEBUG io.netty.buffer.PooledByteBufAllocator -- -Dio.netty.allocator.maxCachedByteBuffersPerChunk: 1023
08:09:19.766 [main] DEBUG io.netty.buffer.ByteBufUtil -- -Dio.netty.allocator.type: pooled
08:09:19.767 [main] DEBUG io.netty.buffer.ByteBufUtil -- -Dio.netty.threadLocalDirectBufferSize: 0
08:09:19.767 [main] DEBUG io.netty.buffer.ByteBufUtil -- -Dio.netty.maxThreadLocalCharBufferSize: 16384
08:09:19.994 [Forwarding newSession on session null to remote] DEBUG io.netty.channel.DefaultChannelId -- -Dio.netty.processId: 19616 (auto-detected)
08:09:19.995 [Forwarding newSession on session null to remote] DEBUG io.netty.util.NetUtil -- -Djava.net.preferIPv4Stack: false
08:09:19.995 [Forwarding newSession on session null to remote] DEBUG io.netty.util.NetUtil -- -Djava.net.preferIPv6Addresses: false
08:09:20.001 [Forwarding newSession on session null to remote] DEBUG io.netty.util.NetUtilInitializations -- Loopback interface: lo (Software Loopback Interface 1, 127.0.0.1)
08:09:20.001 [Forwarding newSession on session null to remote] DEBUG io.netty.util.NetUtil -- Failed to get SOMAXCONN from sysctl and file \proc\sys\net\core\somaxconn. Default: 200
08:09:20.006 [Forwarding newSession on session null to remote] DEBUG io.netty.channel.DefaultChannelId -- -Dio.netty.machineId: 24:4b:fe:ff:fe:4a:36:85 (auto-detected)
08:09:20.041 [AsyncHttpClient-1-2] DEBUG io.netty.buffer.AbstractByteBuf -- -Dio.netty.buffer.checkAccessible: true
08:09:20.042 [AsyncHttpClient-1-2] DEBUG io.netty.buffer.AbstractByteBuf -- -Dio.netty.buffer.checkBounds: true
08:09:20.042 [AsyncHttpClient-1-2] DEBUG io.netty.util.ResourceLeakDetectorFactory -- Loaded default ResourceLeakDetector: io.netty.util.ResourceLeakDetector@1854c458
08:09:20.050 [AsyncHttpClient-1-2] DEBUG org.asynchttpclient.netty.channel.NettyConnectListener -- Using new Channel '[id: 0x7b72e9c1, L:/127.0.0.1:63258 - R:localhost/127.0.0.1:47026]' for 'POST' to '/session'
08:09:20.062 [AsyncHttpClient-1-2] DEBUG io.netty.util.Recycler -- -Dio.netty.recycler.maxCapacityPerThread: 4096
08:09:20.063 [AsyncHttpClient-1-2] DEBUG io.netty.util.Recycler -- -Dio.netty.recycler.ratio: 8
08:09:20.063 [AsyncHttpClient-1-2] DEBUG io.netty.util.Recycler -- -Dio.netty.recycler.chunkSize: 32
08:09:20.063 [AsyncHttpClient-1-2] DEBUG io.netty.util.Recycler -- -Dio.netty.recycler.blocking: false
08:09:20.615 [AsyncHttpClient-1-2] DEBUG io.netty.handler.codec.compression.Brotli -- brotli4j not in the classpath; Brotli support will be unavailable.
08:09:20.616 [AsyncHttpClient-1-2] DEBUG org.asynchttpclient.netty.handler.HttpHandler -- 

Request DefaultHttpRequest(decodeResult: success, version: HTTP/1.1)
POST /session HTTP/1.1
User-Agent: selenium/4.8.1 (java windows)
Content-Length: 489
Content-Type: application/json; charset=utf-8
host: localhost:47026
accept: */*

Response DefaultHttpResponse(decodeResult: success, version: HTTP/1.1)
HTTP/1.1 200 OK
Content-Length: 861
Content-Type: application/json; charset=utf-8
cache-control: no-cache

08:09:20.621 [AsyncHttpClient-1-2] DEBUG org.asynchttpclient.netty.channel.ChannelManager -- Adding key: http://localhost:47026 for channel [id: 0x7b72e9c1, L:/127.0.0.1:63258 - R:localhost/127.0.0.1:47026]
08:09:20.701 [AsyncHttpClient-1-3] DEBUG org.asynchttpclient.netty.channel.NettyConnectListener -- Using new Channel '[id: 0x76251462, L:/127.0.0.1:63265 - R:localhost/127.0.0.1:63259]' for 'GET' to '/json/version'
08:09:20.705 [AsyncHttpClient-1-3] DEBUG org.asynchttpclient.netty.handler.HttpHandler -- 

Request DefaultFullHttpRequest(decodeResult: success, version: HTTP/1.1, content: EmptyByteBufBE)
GET /json/version HTTP/1.1
User-Agent: selenium/4.8.1 (java windows)
host: localhost:63259
accept: */*

Response DefaultHttpResponse(decodeResult: success, version: HTTP/1.1)
HTTP/1.1 200 OK
Content-Security-Policy: frame-ancestors 'none'
Content-Length: 424
Content-Type: application/json; charset=UTF-8

08:09:20.705 [AsyncHttpClient-1-3] DEBUG org.asynchttpclient.netty.channel.ChannelManager -- Adding key: http://localhost:63259 for channel [id: 0x76251462, L:/127.0.0.1:63265 - R:localhost/127.0.0.1:63259]
08:09:20.715 [main] DEBUG io.netty.util.internal.ThreadLocalRandom -- -Dio.netty.initialSeedUniquifier: 0x70e294a58694bf63
08:09:20.719 [AsyncHttpClient-1-4] DEBUG org.asynchttpclient.netty.channel.NettyConnectListener -- Using new Channel '[id: 0x2192a228, L:/127.0.0.1:63266 - R:localhost/127.0.0.1:63259]' for 'GET' to '/devtools/browser/fcb4ff7d-d770-4ee6-9950-2eefc7825546'
08:09:20.721 [AsyncHttpClient-1-4] DEBUG org.asynchttpclient.netty.handler.WebSocketHandler -- 

Request DefaultFullHttpRequest(decodeResult: success, version: HTTP/1.1, content: EmptyByteBufBE)
GET /devtools/browser/fcb4ff7d-d770-4ee6-9950-2eefc7825546 HTTP/1.1
upgrade: websocket
connection: upgrade
sec-websocket-key: CnvIlWZzDA2VYkQwDxewTA==
sec-websocket-version: 13
origin: http://localhost:63259
host: localhost:63259
accept: */*
user-agent: AHC/2.1

Response DefaultHttpResponse(decodeResult: success, version: HTTP/1.1)
HTTP/1.1 101 WebSocket Protocol Handshake
Upgrade: WebSocket
Connection: Upgrade
Sec-WebSocket-Accept: N3ShQ7EdQTDu1I+zuF87cj6UWv4=

08:09:20.761 [Forwarding maximizeCurrentWindow on session 341ab6fe911245b8031c1578f663075b to remote] DEBUG org.asynchttpclient.netty.request.NettyRequestSender -- Using pooled Channel '[id: 0x7b72e9c1, L:/127.0.0.1:63258 - R:localhost/127.0.0.1:47026]' for 'POST' to 'http://localhost:47026/session/341ab6fe911245b8031c1578f663075b/window/maximize'
08:09:20.761 [Forwarding maximizeCurrentWindow on session 341ab6fe911245b8031c1578f663075b to remote] DEBUG org.asynchttpclient.netty.request.NettyRequestSender -- Using open Channel [id: 0x7b72e9c1, L:/127.0.0.1:63258 - R:localhost/127.0.0.1:47026] for POST '/session/341ab6fe911245b8031c1578f663075b/window/maximize'
08:09:20.773 [AsyncHttpClient-1-1] DEBUG org.asynchttpclient.netty.channel.DefaultChannelPool -- Entry count for : http://localhost:63259 : 1
08:09:20.895 [AsyncHttpClient-1-2] DEBUG org.asynchttpclient.netty.handler.HttpHandler -- 

Request DefaultHttpRequest(decodeResult: success, version: HTTP/1.1)
POST /session/341ab6fe911245b8031c1578f663075b/window/maximize HTTP/1.1
User-Agent: selenium/4.8.1 (java windows)
Content-Length: 3
Content-Type: application/json; charset=utf-8
host: localhost:47026
accept: */*

Response DefaultHttpResponse(decodeResult: success, version: HTTP/1.1)
HTTP/1.1 200 OK
Content-Length: 52
Content-Type: application/json; charset=utf-8
cache-control: no-cache

08:09:20.895 [AsyncHttpClient-1-2] DEBUG org.asynchttpclient.netty.channel.ChannelManager -- Adding key: http://localhost:47026 for channel [id: 0x7b72e9c1, L:/127.0.0.1:63258 - R:localhost/127.0.0.1:47026]
08:09:20.897 [Forwarding get on session 341ab6fe911245b8031c1578f663075b to remote] DEBUG org.asynchttpclient.netty.request.NettyRequestSender -- Using pooled Channel '[id: 0x7b72e9c1, L:/127.0.0.1:63258 - R:localhost/127.0.0.1:47026]' for 'POST' to 'http://localhost:47026/session/341ab6fe911245b8031c1578f663075b/url'
08:09:20.898 [Forwarding get on session 341ab6fe911245b8031c1578f663075b to remote] DEBUG org.asynchttpclient.netty.request.NettyRequestSender -- Using open Channel [id: 0x7b72e9c1, L:/127.0.0.1:63258 - R:localhost/127.0.0.1:47026] for POST '/session/341ab6fe911245b8031c1578f663075b/url'
08:09:21.876 [AsyncHttpClient-1-1] DEBUG org.asynchttpclient.netty.channel.DefaultChannelPool -- Entry count for : http://localhost:63259 : 1
08:09:22.424 [AsyncHttpClient-1-2] DEBUG org.asynchttpclient.netty.handler.HttpHandler -- 

Request DefaultHttpRequest(decodeResult: success, version: HTTP/1.1)
POST /session/341ab6fe911245b8031c1578f663075b/url HTTP/1.1
User-Agent: selenium/4.8.1 (java windows)
Content-Length: 66
Content-Type: application/json; charset=utf-8
host: localhost:47026
accept: */*

Response DefaultHttpResponse(decodeResult: success, version: HTTP/1.1)
HTTP/1.1 200 OK
Content-Length: 14
Content-Type: application/json; charset=utf-8
cache-control: no-cache

08:09:22.425 [AsyncHttpClient-1-2] DEBUG org.asynchttpclient.netty.channel.ChannelManager -- Adding key: http://localhost:47026 for channel [id: 0x7b72e9c1, L:/127.0.0.1:63258 - R:localhost/127.0.0.1:47026]
08:09:22.429 [Forwarding findElement on session 341ab6fe911245b8031c1578f663075b to remote] DEBUG org.asynchttpclient.netty.request.NettyRequestSender -- Using pooled Channel '[id: 0x7b72e9c1, L:/127.0.0.1:63258 - R:localhost/127.0.0.1:47026]' for 'POST' to 'http://localhost:47026/session/341ab6fe911245b8031c1578f663075b/element'
08:09:22.429 [Forwarding findElement on session 341ab6fe911245b8031c1578f663075b to remote] DEBUG org.asynchttpclient.netty.request.NettyRequestSender -- Using open Channel [id: 0x7b72e9c1, L:/127.0.0.1:63258 - R:localhost/127.0.0.1:47026] for POST '/session/341ab6fe911245b8031c1578f663075b/element'
08:09:22.439 [AsyncHttpClient-1-2] DEBUG org.asynchttpclient.netty.handler.HttpHandler -- 

Request DefaultHttpRequest(decodeResult: success, version: HTTP/1.1)
POST /session/341ab6fe911245b8031c1578f663075b/element HTTP/1.1
User-Agent: selenium/4.8.1 (java windows)
Content-Length: 52
Content-Type: application/json; charset=utf-8
host: localhost:47026
accept: */*

Response DefaultHttpResponse(decodeResult: success, version: HTTP/1.1)
HTTP/1.1 200 OK
Content-Length: 88
Content-Type: application/json; charset=utf-8
cache-control: no-cache

08:09:22.439 [AsyncHttpClient-1-2] DEBUG org.asynchttpclient.netty.channel.ChannelManager -- Adding key: http://localhost:47026 for channel [id: 0x7b72e9c1, L:/127.0.0.1:63258 - R:localhost/127.0.0.1:47026]
08:09:22.441 [Forwarding findElement on session 341ab6fe911245b8031c1578f663075b to remote] DEBUG org.asynchttpclient.netty.request.NettyRequestSender -- Using pooled Channel '[id: 0x7b72e9c1, L:/127.0.0.1:63258 - R:localhost/127.0.0.1:47026]' for 'POST' to 'http://localhost:47026/session/341ab6fe911245b8031c1578f663075b/element'
08:09:22.441 [Forwarding findElement on session 341ab6fe911245b8031c1578f663075b to remote] DEBUG org.asynchttpclient.netty.request.NettyRequestSender -- Using open Channel [id: 0x7b72e9c1, L:/127.0.0.1:63258 - R:localhost/127.0.0.1:47026] for POST '/session/341ab6fe911245b8031c1578f663075b/element'
08:09:22.449 [AsyncHttpClient-1-2] DEBUG org.asynchttpclient.netty.handler.HttpHandler -- 

Request DefaultHttpRequest(decodeResult: success, version: HTTP/1.1)
POST /session/341ab6fe911245b8031c1578f663075b/element HTTP/1.1
User-Agent: selenium/4.8.1 (java windows)
Content-Length: 60
Content-Type: application/json; charset=utf-8
host: localhost:47026
accept: */*

Response DefaultHttpResponse(decodeResult: success, version: HTTP/1.1)
HTTP/1.1 200 OK
Content-Length: 88
Content-Type: application/json; charset=utf-8
cache-control: no-cache

08:09:22.449 [AsyncHttpClient-1-2] DEBUG org.asynchttpclient.netty.channel.ChannelManager -- Adding key: http://localhost:47026 for channel [id: 0x7b72e9c1, L:/127.0.0.1:63258 - R:localhost/127.0.0.1:47026]
08:09:22.451 [Forwarding findElement on session 341ab6fe911245b8031c1578f663075b to remote] DEBUG org.asynchttpclient.netty.request.NettyRequestSender -- Using pooled Channel '[id: 0x7b72e9c1, L:/127.0.0.1:63258 - R:localhost/127.0.0.1:47026]' for 'POST' to 'http://localhost:47026/session/341ab6fe911245b8031c1578f663075b/element'
08:09:22.451 [Forwarding findElement on session 341ab6fe911245b8031c1578f663075b to remote] DEBUG org.asynchttpclient.netty.request.NettyRequestSender -- Using open Channel [id: 0x7b72e9c1, L:/127.0.0.1:63258 - R:localhost/127.0.0.1:47026] for POST '/session/341ab6fe911245b8031c1578f663075b/element'
08:09:22.459 [AsyncHttpClient-1-2] DEBUG org.asynchttpclient.netty.handler.HttpHandler -- 

Request DefaultHttpRequest(decodeResult: success, version: HTTP/1.1)
POST /session/341ab6fe911245b8031c1578f663075b/element HTTP/1.1
User-Agent: selenium/4.8.1 (java windows)
Content-Length: 60
Content-Type: application/json; charset=utf-8
host: localhost:47026
accept: */*

Response DefaultHttpResponse(decodeResult: success, version: HTTP/1.1)
HTTP/1.1 200 OK
Content-Length: 88
Content-Type: application/json; charset=utf-8
cache-control: no-cache

08:09:22.459 [AsyncHttpClient-1-2] DEBUG org.asynchttpclient.netty.channel.ChannelManager -- Adding key: http://localhost:47026 for channel [id: 0x7b72e9c1, L:/127.0.0.1:63258 - R:localhost/127.0.0.1:47026]
08:09:22.461 [Forwarding findElement on session 341ab6fe911245b8031c1578f663075b to remote] DEBUG org.asynchttpclient.netty.request.NettyRequestSender -- Using pooled Channel '[id: 0x7b72e9c1, L:/127.0.0.1:63258 - R:localhost/127.0.0.1:47026]' for 'POST' to 'http://localhost:47026/session/341ab6fe911245b8031c1578f663075b/element'
08:09:22.461 [Forwarding findElement on session 341ab6fe911245b8031c1578f663075b to remote] DEBUG org.asynchttpclient.netty.request.NettyRequestSender -- Using open Channel [id: 0x7b72e9c1, L:/127.0.0.1:63258 - R:localhost/127.0.0.1:47026] for POST '/session/341ab6fe911245b8031c1578f663075b/element'
08:09:22.469 [AsyncHttpClient-1-2] DEBUG org.asynchttpclient.netty.handler.HttpHandler -- 

Request DefaultHttpRequest(decodeResult: success, version: HTTP/1.1)
POST /session/341ab6fe911245b8031c1578f663075b/element HTTP/1.1
User-Agent: selenium/4.8.1 (java windows)
Content-Length: 114
Content-Type: application/json; charset=utf-8
host: localhost:47026
accept: */*

Response DefaultHttpResponse(decodeResult: success, version: HTTP/1.1)
HTTP/1.1 200 OK
Content-Length: 88
Content-Type: application/json; charset=utf-8
cache-control: no-cache

08:09:22.469 [AsyncHttpClient-1-2] DEBUG org.asynchttpclient.netty.channel.ChannelManager -- Adding key: http://localhost:47026 for channel [id: 0x7b72e9c1, L:/127.0.0.1:63258 - R:localhost/127.0.0.1:47026]
08:09:22.471 [Forwarding findElement on session 341ab6fe911245b8031c1578f663075b to remote] DEBUG org.asynchttpclient.netty.request.NettyRequestSender -- Using pooled Channel '[id: 0x7b72e9c1, L:/127.0.0.1:63258 - R:localhost/127.0.0.1:47026]' for 'POST' to 'http://localhost:47026/session/341ab6fe911245b8031c1578f663075b/element'
08:09:22.471 [Forwarding findElement on session 341ab6fe911245b8031c1578f663075b to remote] DEBUG org.asynchttpclient.netty.request.NettyRequestSender -- Using open Channel [id: 0x7b72e9c1, L:/127.0.0.1:63258 - R:localhost/127.0.0.1:47026] for POST '/session/341ab6fe911245b8031c1578f663075b/element'
08:09:22.479 [AsyncHttpClient-1-2] DEBUG org.asynchttpclient.netty.handler.HttpHandler -- 

Request DefaultHttpRequest(decodeResult: success, version: HTTP/1.1)
POST /session/341ab6fe911245b8031c1578f663075b/element HTTP/1.1
User-Agent: selenium/4.8.1 (java windows)
Content-Length: 104
Content-Type: application/json; charset=utf-8
host: localhost:47026
accept: */*

Response DefaultHttpResponse(decodeResult: success, version: HTTP/1.1)
HTTP/1.1 200 OK
Content-Length: 88
Content-Type: application/json; charset=utf-8
cache-control: no-cache

08:09:22.479 [AsyncHttpClient-1-2] DEBUG org.asynchttpclient.netty.channel.ChannelManager -- Adding key: http://localhost:47026 for channel [id: 0x7b72e9c1, L:/127.0.0.1:63258 - R:localhost/127.0.0.1:47026]
08:09:22.481 [Forwarding findElement on session 341ab6fe911245b8031c1578f663075b to remote] DEBUG org.asynchttpclient.netty.request.NettyRequestSender -- Using pooled Channel '[id: 0x7b72e9c1, L:/127.0.0.1:63258 - R:localhost/127.0.0.1:47026]' for 'POST' to 'http://localhost:47026/session/341ab6fe911245b8031c1578f663075b/element'
08:09:22.481 [Forwarding findElement on session 341ab6fe911245b8031c1578f663075b to remote] DEBUG org.asynchttpclient.netty.request.NettyRequestSender -- Using open Channel [id: 0x7b72e9c1, L:/127.0.0.1:63258 - R:localhost/127.0.0.1:47026] for POST '/session/341ab6fe911245b8031c1578f663075b/element'
08:09:22.489 [AsyncHttpClient-1-2] DEBUG org.asynchttpclient.netty.handler.HttpHandler -- 

Request DefaultHttpRequest(decodeResult: success, version: HTTP/1.1)
POST /session/341ab6fe911245b8031c1578f663075b/element HTTP/1.1
User-Agent: selenium/4.8.1 (java windows)
Content-Length: 132
Content-Type: application/json; charset=utf-8
host: localhost:47026
accept: */*

Response DefaultHttpResponse(decodeResult: success, version: HTTP/1.1)
HTTP/1.1 200 OK
Content-Length: 88
Content-Type: application/json; charset=utf-8
cache-control: no-cache

08:09:22.489 [AsyncHttpClient-1-2] DEBUG org.asynchttpclient.netty.channel.ChannelManager -- Adding key: http://localhost:47026 for channel [id: 0x7b72e9c1, L:/127.0.0.1:63258 - R:localhost/127.0.0.1:47026]
08:09:22.490 [Forwarding findElement on session 341ab6fe911245b8031c1578f663075b to remote] DEBUG org.asynchttpclient.netty.request.NettyRequestSender -- Using pooled Channel '[id: 0x7b72e9c1, L:/127.0.0.1:63258 - R:localhost/127.0.0.1:47026]' for 'POST' to 'http://localhost:47026/session/341ab6fe911245b8031c1578f663075b/element'
08:09:22.490 [Forwarding findElement on session 341ab6fe911245b8031c1578f663075b to remote] DEBUG org.asynchttpclient.netty.request.NettyRequestSender -- Using open Channel [id: 0x7b72e9c1, L:/127.0.0.1:63258 - R:localhost/127.0.0.1:47026] for POST '/session/341ab6fe911245b8031c1578f663075b/element'
08:09:22.498 [AsyncHttpClient-1-2] DEBUG org.asynchttpclient.netty.handler.HttpHandler -- 

Request DefaultHttpRequest(decodeResult: success, version: HTTP/1.1)
POST /session/341ab6fe911245b8031c1578f663075b/element HTTP/1.1
User-Agent: selenium/4.8.1 (java windows)
Content-Length: 132
Content-Type: application/json; charset=utf-8
host: localhost:47026
accept: */*

Response DefaultHttpResponse(decodeResult: success, version: HTTP/1.1)
HTTP/1.1 200 OK
Content-Length: 88
Content-Type: application/json; charset=utf-8
cache-control: no-cache

08:09:22.498 [AsyncHttpClient-1-2] DEBUG org.asynchttpclient.netty.channel.ChannelManager -- Adding key: http://localhost:47026 for channel [id: 0x7b72e9c1, L:/127.0.0.1:63258 - R:localhost/127.0.0.1:47026]
08:09:22.500 [Forwarding findElement on session 341ab6fe911245b8031c1578f663075b to remote] DEBUG org.asynchttpclient.netty.request.NettyRequestSender -- Using pooled Channel '[id: 0x7b72e9c1, L:/127.0.0.1:63258 - R:localhost/127.0.0.1:47026]' for 'POST' to 'http://localhost:47026/session/341ab6fe911245b8031c1578f663075b/element'
08:09:22.500 [Forwarding findElement on session 341ab6fe911245b8031c1578f663075b to remote] DEBUG org.asynchttpclient.netty.request.NettyRequestSender -- Using open Channel [id: 0x7b72e9c1, L:/127.0.0.1:63258 - R:localhost/127.0.0.1:47026] for POST '/session/341ab6fe911245b8031c1578f663075b/element'
08:09:22.507 [AsyncHttpClient-1-2] DEBUG org.asynchttpclient.netty.handler.HttpHandler -- 

Request DefaultHttpRequest(decodeResult: success, version: HTTP/1.1)
POST /session/341ab6fe911245b8031c1578f663075b/element HTTP/1.1
User-Agent: selenium/4.8.1 (java windows)
Content-Length: 114
Content-Type: application/json; charset=utf-8
host: localhost:47026
accept: */*

Response DefaultHttpResponse(decodeResult: success, version: HTTP/1.1)
HTTP/1.1 200 OK
Content-Length: 88
Content-Type: application/json; charset=utf-8
cache-control: no-cache

08:09:22.508 [AsyncHttpClient-1-2] DEBUG org.asynchttpclient.netty.channel.ChannelManager -- Adding key: http://localhost:47026 for channel [id: 0x7b72e9c1, L:/127.0.0.1:63258 - R:localhost/127.0.0.1:47026]
08:09:22.509 [Forwarding findElement on session 341ab6fe911245b8031c1578f663075b to remote] DEBUG org.asynchttpclient.netty.request.NettyRequestSender -- Using pooled Channel '[id: 0x7b72e9c1, L:/127.0.0.1:63258 - R:localhost/127.0.0.1:47026]' for 'POST' to 'http://localhost:47026/session/341ab6fe911245b8031c1578f663075b/element'
08:09:22.509 [Forwarding findElement on session 341ab6fe911245b8031c1578f663075b to remote] DEBUG org.asynchttpclient.netty.request.NettyRequestSender -- Using open Channel [id: 0x7b72e9c1, L:/127.0.0.1:63258 - R:localhost/127.0.0.1:47026] for POST '/session/341ab6fe911245b8031c1578f663075b/element'
08:09:22.516 [AsyncHttpClient-1-2] DEBUG org.asynchttpclient.netty.handler.HttpHandler -- 

Request DefaultHttpRequest(decodeResult: success, version: HTTP/1.1)
POST /session/341ab6fe911245b8031c1578f663075b/element HTTP/1.1
User-Agent: selenium/4.8.1 (java windows)
Content-Length: 104
Content-Type: application/json; charset=utf-8
host: localhost:47026
accept: */*

Response DefaultHttpResponse(decodeResult: success, version: HTTP/1.1)
HTTP/1.1 200 OK
Content-Length: 88
Content-Type: application/json; charset=utf-8
cache-control: no-cache

08:09:22.517 [AsyncHttpClient-1-2] DEBUG org.asynchttpclient.netty.channel.ChannelManager -- Adding key: http://localhost:47026 for channel [id: 0x7b72e9c1, L:/127.0.0.1:63258 - R:localhost/127.0.0.1:47026]
08:09:22.519 [Forwarding setTimeout on session 341ab6fe911245b8031c1578f663075b to remote] DEBUG org.asynchttpclient.netty.request.NettyRequestSender -- Using pooled Channel '[id: 0x7b72e9c1, L:/127.0.0.1:63258 - R:localhost/127.0.0.1:47026]' for 'POST' to 'http://localhost:47026/session/341ab6fe911245b8031c1578f663075b/timeouts'
08:09:22.519 [Forwarding setTimeout on session 341ab6fe911245b8031c1578f663075b to remote] DEBUG org.asynchttpclient.netty.request.NettyRequestSender -- Using open Channel [id: 0x7b72e9c1, L:/127.0.0.1:63258 - R:localhost/127.0.0.1:47026] for POST '/session/341ab6fe911245b8031c1578f663075b/timeouts'
08:09:22.520 [AsyncHttpClient-1-2] DEBUG org.asynchttpclient.netty.handler.HttpHandler -- 

Request DefaultHttpRequest(decodeResult: success, version: HTTP/1.1)
POST /session/341ab6fe911245b8031c1578f663075b/timeouts HTTP/1.1
User-Agent: selenium/4.8.1 (java windows)
Content-Length: 23
Content-Type: application/json; charset=utf-8
host: localhost:47026
accept: */*

Response DefaultHttpResponse(decodeResult: success, version: HTTP/1.1)
HTTP/1.1 200 OK
Content-Length: 14
Content-Type: application/json; charset=utf-8
cache-control: no-cache

08:09:22.521 [AsyncHttpClient-1-2] DEBUG org.asynchttpclient.netty.channel.ChannelManager -- Adding key: http://localhost:47026 for channel [id: 0x7b72e9c1, L:/127.0.0.1:63258 - R:localhost/127.0.0.1:47026]
08:09:22.522 [Forwarding findElement on session 341ab6fe911245b8031c1578f663075b to remote] DEBUG org.asynchttpclient.netty.request.NettyRequestSender -- Using pooled Channel '[id: 0x7b72e9c1, L:/127.0.0.1:63258 - R:localhost/127.0.0.1:47026]' for 'POST' to 'http://localhost:47026/session/341ab6fe911245b8031c1578f663075b/element'
08:09:22.522 [Forwarding findElement on session 341ab6fe911245b8031c1578f663075b to remote] DEBUG org.asynchttpclient.netty.request.NettyRequestSender -- Using open Channel [id: 0x7b72e9c1, L:/127.0.0.1:63258 - R:localhost/127.0.0.1:47026] for POST '/session/341ab6fe911245b8031c1578f663075b/element'
08:09:22.974 [AsyncHttpClient-1-1] DEBUG org.asynchttpclient.netty.channel.DefaultChannelPool -- Entry count for : http://localhost:63259 : 1
08:09:23.172 [AsyncHttpClient-1-2] DEBUG org.asynchttpclient.netty.handler.HttpHandler -- 

Request DefaultHttpRequest(decodeResult: success, version: HTTP/1.1)
POST /session/341ab6fe911245b8031c1578f663075b/element HTTP/1.1
User-Agent: selenium/4.8.1 (java windows)
Content-Length: 53
Content-Type: application/json; charset=utf-8
host: localhost:47026
accept: */*

Response DefaultHttpResponse(decodeResult: success, version: HTTP/1.1)
HTTP/1.1 200 OK
Content-Length: 88
Content-Type: application/json; charset=utf-8
cache-control: no-cache

08:09:23.172 [AsyncHttpClient-1-2] DEBUG org.asynchttpclient.netty.channel.ChannelManager -- Adding key: http://localhost:47026 for channel [id: 0x7b72e9c1, L:/127.0.0.1:63258 - R:localhost/127.0.0.1:47026]
08:09:23.186 [Forwarding clickElement on session 341ab6fe911245b8031c1578f663075b to remote] DEBUG org.asynchttpclient.netty.request.NettyRequestSender -- Using pooled Channel '[id: 0x7b72e9c1, L:/127.0.0.1:63258 - R:localhost/127.0.0.1:47026]' for 'POST' to 'http://localhost:47026/session/341ab6fe911245b8031c1578f663075b/element/905260f2-21d0-4dfc-8619-678deca54638/click'
08:09:23.186 [Forwarding clickElement on session 341ab6fe911245b8031c1578f663075b to remote] DEBUG org.asynchttpclient.netty.request.NettyRequestSender -- Using open Channel [id: 0x7b72e9c1, L:/127.0.0.1:63258 - R:localhost/127.0.0.1:47026] for POST '/session/341ab6fe911245b8031c1578f663075b/element/905260f2-21d0-4dfc-8619-678deca54638/click'
08:09:23.756 [AsyncHttpClient-1-2] DEBUG org.asynchttpclient.netty.handler.HttpHandler -- 

Request DefaultHttpRequest(decodeResult: success, version: HTTP/1.1)
POST /session/341ab6fe911245b8031c1578f663075b/element/905260f2-21d0-4dfc-8619-678deca54638/click HTTP/1.1
User-Agent: selenium/4.8.1 (java windows)
Content-Length: 50
Content-Type: application/json; charset=utf-8
host: localhost:47026
accept: */*

Response DefaultHttpResponse(decodeResult: success, version: HTTP/1.1)
HTTP/1.1 200 OK
Content-Length: 14
Content-Type: application/json; charset=utf-8
cache-control: no-cache

08:09:23.757 [AsyncHttpClient-1-2] DEBUG org.asynchttpclient.netty.channel.ChannelManager -- Adding key: http://localhost:47026 for channel [id: 0x7b72e9c1, L:/127.0.0.1:63258 - R:localhost/127.0.0.1:47026]
08:09:24.074 [AsyncHttpClient-1-1] DEBUG org.asynchttpclient.netty.channel.DefaultChannelPool -- Entry count for : http://localhost:47026 : 1
08:09:24.074 [AsyncHttpClient-1-1] DEBUG org.asynchttpclient.netty.channel.DefaultChannelPool -- Entry count for : http://localhost:63259 : 1
08:09:25.173 [AsyncHttpClient-1-1] DEBUG org.asynchttpclient.netty.channel.DefaultChannelPool -- Entry count for : http://localhost:47026 : 1
08:09:25.173 [AsyncHttpClient-1-1] DEBUG org.asynchttpclient.netty.channel.DefaultChannelPool -- Entry count for : http://localhost:63259 : 1
08:09:25.766 [Forwarding findElement on session 341ab6fe911245b8031c1578f663075b to remote] DEBUG org.asynchttpclient.netty.request.NettyRequestSender -- Using pooled Channel '[id: 0x7b72e9c1, L:/127.0.0.1:63258 - R:localhost/127.0.0.1:47026]' for 'POST' to 'http://localhost:47026/session/341ab6fe911245b8031c1578f663075b/element'
08:09:25.766 [Forwarding findElement on session 341ab6fe911245b8031c1578f663075b to remote] DEBUG org.asynchttpclient.netty.request.NettyRequestSender -- Using open Channel [id: 0x7b72e9c1, L:/127.0.0.1:63258 - R:localhost/127.0.0.1:47026] for POST '/session/341ab6fe911245b8031c1578f663075b/element'
08:09:25.778 [AsyncHttpClient-1-2] DEBUG org.asynchttpclient.netty.handler.HttpHandler -- 

Request DefaultHttpRequest(decodeResult: success, version: HTTP/1.1)
POST /session/341ab6fe911245b8031c1578f663075b/element HTTP/1.1
User-Agent: selenium/4.8.1 (java windows)
Content-Length: 52
Content-Type: application/json; charset=utf-8
host: localhost:47026
accept: */*

Response DefaultHttpResponse(decodeResult: success, version: HTTP/1.1)
HTTP/1.1 200 OK
Content-Length: 88
Content-Type: application/json; charset=utf-8
cache-control: no-cache

08:09:25.779 [AsyncHttpClient-1-2] DEBUG org.asynchttpclient.netty.channel.ChannelManager -- Adding key: http://localhost:47026 for channel [id: 0x7b72e9c1, L:/127.0.0.1:63258 - R:localhost/127.0.0.1:47026]
08:09:25.780 [Forwarding findElement on session 341ab6fe911245b8031c1578f663075b to remote] DEBUG org.asynchttpclient.netty.request.NettyRequestSender -- Using pooled Channel '[id: 0x7b72e9c1, L:/127.0.0.1:63258 - R:localhost/127.0.0.1:47026]' for 'POST' to 'http://localhost:47026/session/341ab6fe911245b8031c1578f663075b/element'
08:09:25.780 [Forwarding findElement on session 341ab6fe911245b8031c1578f663075b to remote] DEBUG org.asynchttpclient.netty.request.NettyRequestSender -- Using open Channel [id: 0x7b72e9c1, L:/127.0.0.1:63258 - R:localhost/127.0.0.1:47026] for POST '/session/341ab6fe911245b8031c1578f663075b/element'
08:09:25.789 [AsyncHttpClient-1-2] DEBUG org.asynchttpclient.netty.handler.HttpHandler -- 

Request DefaultHttpRequest(decodeResult: success, version: HTTP/1.1)
POST /session/341ab6fe911245b8031c1578f663075b/element HTTP/1.1
User-Agent: selenium/4.8.1 (java windows)
Content-Length: 51
Content-Type: application/json; charset=utf-8
host: localhost:47026
accept: */*

Response DefaultHttpResponse(decodeResult: success, version: HTTP/1.1)
HTTP/1.1 200 OK
Content-Length: 88
Content-Type: application/json; charset=utf-8
cache-control: no-cache

08:09:25.789 [AsyncHttpClient-1-2] DEBUG org.asynchttpclient.netty.channel.ChannelManager -- Adding key: http://localhost:47026 for channel [id: 0x7b72e9c1, L:/127.0.0.1:63258 - R:localhost/127.0.0.1:47026]
08:09:26.282 [AsyncHttpClient-1-1] DEBUG org.asynchttpclient.netty.channel.DefaultChannelPool -- Entry count for : http://localhost:47026 : 1
08:09:26.282 [AsyncHttpClient-1-1] DEBUG org.asynchttpclient.netty.channel.DefaultChannelPool -- Entry count for : http://localhost:63259 : 1
08:09:27.373 [AsyncHttpClient-1-1] DEBUG org.asynchttpclient.netty.channel.DefaultChannelPool -- Entry count for : http://localhost:47026 : 1
08:09:27.373 [AsyncHttpClient-1-1] DEBUG org.asynchttpclient.netty.channel.DefaultChannelPool -- Entry count for : http://localhost:63259 : 1
08:09:27.802 [Forwarding setTimeout on session 341ab6fe911245b8031c1578f663075b to remote] DEBUG org.asynchttpclient.netty.request.NettyRequestSender -- Using pooled Channel '[id: 0x7b72e9c1, L:/127.0.0.1:63258 - R:localhost/127.0.0.1:47026]' for 'POST' to 'http://localhost:47026/session/341ab6fe911245b8031c1578f663075b/timeouts'
08:09:27.802 [Forwarding setTimeout on session 341ab6fe911245b8031c1578f663075b to remote] DEBUG org.asynchttpclient.netty.request.NettyRequestSender -- Using open Channel [id: 0x7b72e9c1, L:/127.0.0.1:63258 - R:localhost/127.0.0.1:47026] for POST '/session/341ab6fe911245b8031c1578f663075b/timeouts'
08:09:27.803 [AsyncHttpClient-1-2] DEBUG org.asynchttpclient.netty.handler.HttpHandler -- 

Request DefaultHttpRequest(decodeResult: success, version: HTTP/1.1)
POST /session/341ab6fe911245b8031c1578f663075b/timeouts HTTP/1.1
User-Agent: selenium/4.8.1 (java windows)
Content-Length: 23
Content-Type: application/json; charset=utf-8
host: localhost:47026
accept: */*

Response DefaultHttpResponse(decodeResult: success, version: HTTP/1.1)
HTTP/1.1 200 OK
Content-Length: 14
Content-Type: application/json; charset=utf-8
cache-control: no-cache

08:09:27.803 [AsyncHttpClient-1-2] DEBUG org.asynchttpclient.netty.channel.ChannelManager -- Adding key: http://localhost:47026 for channel [id: 0x7b72e9c1, L:/127.0.0.1:63258 - R:localhost/127.0.0.1:47026]
08:09:27.810 [Forwarding isElementDisplayed on session 341ab6fe911245b8031c1578f663075b to remote] DEBUG org.asynchttpclient.netty.request.NettyRequestSender -- Using pooled Channel '[id: 0x7b72e9c1, L:/127.0.0.1:63258 - R:localhost/127.0.0.1:47026]' for 'POST' to 'http://localhost:47026/session/341ab6fe911245b8031c1578f663075b/execute/sync'
08:09:27.810 [Forwarding isElementDisplayed on session 341ab6fe911245b8031c1578f663075b to remote] DEBUG org.asynchttpclient.netty.request.NettyRequestSender -- Using open Channel [id: 0x7b72e9c1, L:/127.0.0.1:63258 - R:localhost/127.0.0.1:47026] for POST '/session/341ab6fe911245b8031c1578f663075b/execute/sync'
08:09:27.821 [AsyncHttpClient-1-2] DEBUG org.asynchttpclient.netty.handler.HttpHandler -- 

Request DefaultHttpRequest(decodeResult: success, version: HTTP/1.1)
POST /session/341ab6fe911245b8031c1578f663075b/execute/sync HTTP/1.1
User-Agent: selenium/4.8.1 (java windows)
Content-Length: 48807
Content-Type: application/json; charset=utf-8
host: localhost:47026
accept: */*

Response DefaultHttpResponse(decodeResult: success, version: HTTP/1.1)
HTTP/1.1 200 OK
Content-Length: 14
Content-Type: application/json; charset=utf-8
cache-control: no-cache

08:09:27.821 [AsyncHttpClient-1-2] DEBUG org.asynchttpclient.netty.channel.ChannelManager -- Adding key: http://localhost:47026 for channel [id: 0x7b72e9c1, L:/127.0.0.1:63258 - R:localhost/127.0.0.1:47026]
08:09:27.823 [Forwarding clickElement on session 341ab6fe911245b8031c1578f663075b to remote] DEBUG org.asynchttpclient.netty.request.NettyRequestSender -- Using pooled Channel '[id: 0x7b72e9c1, L:/127.0.0.1:63258 - R:localhost/127.0.0.1:47026]' for 'POST' to 'http://localhost:47026/session/341ab6fe911245b8031c1578f663075b/element/1dc15596-2fd0-4707-8b43-b79607de1807/click'
08:09:27.823 [Forwarding clickElement on session 341ab6fe911245b8031c1578f663075b to remote] DEBUG org.asynchttpclient.netty.request.NettyRequestSender -- Using open Channel [id: 0x7b72e9c1, L:/127.0.0.1:63258 - R:localhost/127.0.0.1:47026] for POST '/session/341ab6fe911245b8031c1578f663075b/element/1dc15596-2fd0-4707-8b43-b79607de1807/click'
08:09:27.855 [AsyncHttpClient-1-2] DEBUG org.asynchttpclient.netty.handler.HttpHandler -- 

Request DefaultHttpRequest(decodeResult: success, version: HTTP/1.1)
POST /session/341ab6fe911245b8031c1578f663075b/element/1dc15596-2fd0-4707-8b43-b79607de1807/click HTTP/1.1
User-Agent: selenium/4.8.1 (java windows)
Content-Length: 50
Content-Type: application/json; charset=utf-8
host: localhost:47026
accept: */*

Response DefaultHttpResponse(decodeResult: success, version: HTTP/1.1)
HTTP/1.1 200 OK
Content-Length: 14
Content-Type: application/json; charset=utf-8
cache-control: no-cache

08:09:27.856 [AsyncHttpClient-1-2] DEBUG org.asynchttpclient.netty.channel.ChannelManager -- Adding key: http://localhost:47026 for channel [id: 0x7b72e9c1, L:/127.0.0.1:63258 - R:localhost/127.0.0.1:47026]
08:09:28.473 [AsyncHttpClient-1-1] DEBUG org.asynchttpclient.netty.channel.DefaultChannelPool -- Entry count for : http://localhost:47026 : 1
08:09:28.473 [AsyncHttpClient-1-1] DEBUG org.asynchttpclient.netty.channel.DefaultChannelPool -- Entry count for : http://localhost:63259 : 1
08:09:29.576 [AsyncHttpClient-1-1] DEBUG org.asynchttpclient.netty.channel.DefaultChannelPool -- Entry count for : http://localhost:47026 : 1
08:09:29.576 [AsyncHttpClient-1-1] DEBUG org.asynchttpclient.netty.channel.DefaultChannelPool -- Entry count for : http://localhost:63259 : 1
08:09:29.869 [Forwarding getAlertText on session 341ab6fe911245b8031c1578f663075b to remote] DEBUG org.asynchttpclient.netty.request.NettyRequestSender -- Using pooled Channel '[id: 0x7b72e9c1, L:/127.0.0.1:63258 - R:localhost/127.0.0.1:47026]' for 'GET' to 'http://localhost:47026/session/341ab6fe911245b8031c1578f663075b/alert/text'
08:09:29.869 [Forwarding getAlertText on session 341ab6fe911245b8031c1578f663075b to remote] DEBUG org.asynchttpclient.netty.request.NettyRequestSender -- Using open Channel [id: 0x7b72e9c1, L:/127.0.0.1:63258 - R:localhost/127.0.0.1:47026] for GET '/session/341ab6fe911245b8031c1578f663075b/alert/text'
08:09:29.870 [AsyncHttpClient-1-2] DEBUG org.asynchttpclient.netty.handler.HttpHandler -- 

Request DefaultFullHttpRequest(decodeResult: success, version: HTTP/1.1, content: EmptyByteBufBE)
GET /session/341ab6fe911245b8031c1578f663075b/alert/text HTTP/1.1
User-Agent: selenium/4.8.1 (java windows)
Cache-Control: no-cache
Content-Type: application/json; charset=utf-8
host: localhost:47026
accept: */*

Response DefaultHttpResponse(decodeResult: success, version: HTTP/1.1)
HTTP/1.1 200 OK
Content-Length: 25
Content-Type: application/json; charset=utf-8
cache-control: no-cache

08:09:29.870 [AsyncHttpClient-1-2] DEBUG org.asynchttpclient.netty.channel.ChannelManager -- Adding key: http://localhost:47026 for channel [id: 0x7b72e9c1, L:/127.0.0.1:63258 - R:localhost/127.0.0.1:47026]
08:09:29.872 [Forwarding getAlertText on session 341ab6fe911245b8031c1578f663075b to remote] DEBUG org.asynchttpclient.netty.request.NettyRequestSender -- Using pooled Channel '[id: 0x7b72e9c1, L:/127.0.0.1:63258 - R:localhost/127.0.0.1:47026]' for 'GET' to 'http://localhost:47026/session/341ab6fe911245b8031c1578f663075b/alert/text'
08:09:29.872 [Forwarding getAlertText on session 341ab6fe911245b8031c1578f663075b to remote] DEBUG org.asynchttpclient.netty.request.NettyRequestSender -- Using open Channel [id: 0x7b72e9c1, L:/127.0.0.1:63258 - R:localhost/127.0.0.1:47026] for GET '/session/341ab6fe911245b8031c1578f663075b/alert/text'
08:09:29.872 [AsyncHttpClient-1-2] DEBUG org.asynchttpclient.netty.handler.HttpHandler -- 

Request DefaultFullHttpRequest(decodeResult: success, version: HTTP/1.1, content: EmptyByteBufBE)
GET /session/341ab6fe911245b8031c1578f663075b/alert/text HTTP/1.1
User-Agent: selenium/4.8.1 (java windows)
Cache-Control: no-cache
Content-Type: application/json; charset=utf-8
host: localhost:47026
accept: */*

Response DefaultHttpResponse(decodeResult: success, version: HTTP/1.1)
HTTP/1.1 200 OK
Content-Length: 25
Content-Type: application/json; charset=utf-8
cache-control: no-cache

08:09:29.873 [AsyncHttpClient-1-2] DEBUG org.asynchttpclient.netty.channel.ChannelManager -- Adding key: http://localhost:47026 for channel [id: 0x7b72e9c1, L:/127.0.0.1:63258 - R:localhost/127.0.0.1:47026]
08:09:29.873 [Forwarding getAlertText on session 341ab6fe911245b8031c1578f663075b to remote] DEBUG org.asynchttpclient.netty.request.NettyRequestSender -- Using pooled Channel '[id: 0x7b72e9c1, L:/127.0.0.1:63258 - R:localhost/127.0.0.1:47026]' for 'GET' to 'http://localhost:47026/session/341ab6fe911245b8031c1578f663075b/alert/text'
08:09:29.873 [Forwarding getAlertText on session 341ab6fe911245b8031c1578f663075b to remote] DEBUG org.asynchttpclient.netty.request.NettyRequestSender -- Using open Channel [id: 0x7b72e9c1, L:/127.0.0.1:63258 - R:localhost/127.0.0.1:47026] for GET '/session/341ab6fe911245b8031c1578f663075b/alert/text'
08:09:29.874 [AsyncHttpClient-1-2] DEBUG org.asynchttpclient.netty.handler.HttpHandler -- 

Request DefaultFullHttpRequest(decodeResult: success, version: HTTP/1.1, content: EmptyByteBufBE)
GET /session/341ab6fe911245b8031c1578f663075b/alert/text HTTP/1.1
User-Agent: selenium/4.8.1 (java windows)
Cache-Control: no-cache
Content-Type: application/json; charset=utf-8
host: localhost:47026
accept: */*

Response DefaultHttpResponse(decodeResult: success, version: HTTP/1.1)
HTTP/1.1 200 OK
Content-Length: 25
Content-Type: application/json; charset=utf-8
cache-control: no-cache

08:09:29.874 [AsyncHttpClient-1-2] DEBUG org.asynchttpclient.netty.channel.ChannelManager -- Adding key: http://localhost:47026 for channel [id: 0x7b72e9c1, L:/127.0.0.1:63258 - R:localhost/127.0.0.1:47026]
08:09:29.875 [Forwarding acceptAlert on session 341ab6fe911245b8031c1578f663075b to remote] DEBUG org.asynchttpclient.netty.request.NettyRequestSender -- Using pooled Channel '[id: 0x7b72e9c1, L:/127.0.0.1:63258 - R:localhost/127.0.0.1:47026]' for 'POST' to 'http://localhost:47026/session/341ab6fe911245b8031c1578f663075b/alert/accept'
08:09:29.875 [Forwarding acceptAlert on session 341ab6fe911245b8031c1578f663075b to remote] DEBUG org.asynchttpclient.netty.request.NettyRequestSender -- Using open Channel [id: 0x7b72e9c1, L:/127.0.0.1:63258 - R:localhost/127.0.0.1:47026] for POST '/session/341ab6fe911245b8031c1578f663075b/alert/accept'
08:09:29.877 [AsyncHttpClient-1-2] DEBUG org.asynchttpclient.netty.handler.HttpHandler -- 

Request DefaultHttpRequest(decodeResult: success, version: HTTP/1.1)
POST /session/341ab6fe911245b8031c1578f663075b/alert/accept HTTP/1.1
User-Agent: selenium/4.8.1 (java windows)
Content-Length: 3
Content-Type: application/json; charset=utf-8
host: localhost:47026
accept: */*

Response DefaultHttpResponse(decodeResult: success, version: HTTP/1.1)
HTTP/1.1 200 OK
Content-Length: 14
Content-Type: application/json; charset=utf-8
cache-control: no-cache

08:09:29.878 [AsyncHttpClient-1-2] DEBUG org.asynchttpclient.netty.channel.ChannelManager -- Adding key: http://localhost:47026 for channel [id: 0x7b72e9c1, L:/127.0.0.1:63258 - R:localhost/127.0.0.1:47026]
08:09:30.681 [AsyncHttpClient-1-1] DEBUG org.asynchttpclient.netty.channel.DefaultChannelPool -- Entry count for : http://localhost:47026 : 1
08:09:30.681 [AsyncHttpClient-1-1] DEBUG org.asynchttpclient.netty.channel.DefaultChannelPool -- Entry count for : http://localhost:63259 : 1
08:09:31.781 [AsyncHttpClient-1-1] DEBUG org.asynchttpclient.netty.channel.DefaultChannelPool -- Entry count for : http://localhost:47026 : 1
08:09:31.781 [AsyncHttpClient-1-1] DEBUG org.asynchttpclient.netty.channel.DefaultChannelPool -- Entry count for : http://localhost:63259 : 1
08:09:31.894 [Forwarding isElementDisplayed on session 341ab6fe911245b8031c1578f663075b to remote] DEBUG org.asynchttpclient.netty.request.NettyRequestSender -- Using pooled Channel '[id: 0x7b72e9c1, L:/127.0.0.1:63258 - R:localhost/127.0.0.1:47026]' for 'POST' to 'http://localhost:47026/session/341ab6fe911245b8031c1578f663075b/execute/sync'
08:09:31.894 [Forwarding isElementDisplayed on session 341ab6fe911245b8031c1578f663075b to remote] DEBUG org.asynchttpclient.netty.request.NettyRequestSender -- Using open Channel [id: 0x7b72e9c1, L:/127.0.0.1:63258 - R:localhost/127.0.0.1:47026] for POST '/session/341ab6fe911245b8031c1578f663075b/execute/sync'
08:09:31.905 [AsyncHttpClient-1-2] DEBUG org.asynchttpclient.netty.handler.HttpHandler -- 

Request DefaultHttpRequest(decodeResult: success, version: HTTP/1.1)
POST /session/341ab6fe911245b8031c1578f663075b/execute/sync HTTP/1.1
User-Agent: selenium/4.8.1 (java windows)
Content-Length: 48807
Content-Type: application/json; charset=utf-8
host: localhost:47026
accept: */*

Response DefaultHttpResponse(decodeResult: success, version: HTTP/1.1)
HTTP/1.1 200 OK
Content-Length: 14
Content-Type: application/json; charset=utf-8
cache-control: no-cache

08:09:31.905 [AsyncHttpClient-1-2] DEBUG org.asynchttpclient.netty.channel.ChannelManager -- Adding key: http://localhost:47026 for channel [id: 0x7b72e9c1, L:/127.0.0.1:63258 - R:localhost/127.0.0.1:47026]
08:09:31.906 [Forwarding clickElement on session 341ab6fe911245b8031c1578f663075b to remote] DEBUG org.asynchttpclient.netty.request.NettyRequestSender -- Using pooled Channel '[id: 0x7b72e9c1, L:/127.0.0.1:63258 - R:localhost/127.0.0.1:47026]' for 'POST' to 'http://localhost:47026/session/341ab6fe911245b8031c1578f663075b/element/daf93b1c-0e2d-4b8b-9052-c07a350fc12d/click'
08:09:31.906 [Forwarding clickElement on session 341ab6fe911245b8031c1578f663075b to remote] DEBUG org.asynchttpclient.netty.request.NettyRequestSender -- Using open Channel [id: 0x7b72e9c1, L:/127.0.0.1:63258 - R:localhost/127.0.0.1:47026] for POST '/session/341ab6fe911245b8031c1578f663075b/element/daf93b1c-0e2d-4b8b-9052-c07a350fc12d/click'
08:09:32.644 [AsyncHttpClient-1-2] DEBUG org.asynchttpclient.netty.handler.HttpHandler -- 

Request DefaultHttpRequest(decodeResult: success, version: HTTP/1.1)
POST /session/341ab6fe911245b8031c1578f663075b/element/daf93b1c-0e2d-4b8b-9052-c07a350fc12d/click HTTP/1.1
User-Agent: selenium/4.8.1 (java windows)
Content-Length: 50
Content-Type: application/json; charset=utf-8
host: localhost:47026
accept: */*

Response DefaultHttpResponse(decodeResult: success, version: HTTP/1.1)
HTTP/1.1 200 OK
Content-Length: 14
Content-Type: application/json; charset=utf-8
cache-control: no-cache

08:09:32.645 [AsyncHttpClient-1-2] DEBUG org.asynchttpclient.netty.channel.ChannelManager -- Adding key: http://localhost:47026 for channel [id: 0x7b72e9c1, L:/127.0.0.1:63258 - R:localhost/127.0.0.1:47026]
08:09:32.874 [AsyncHttpClient-1-1] DEBUG org.asynchttpclient.netty.channel.DefaultChannelPool -- Entry count for : http://localhost:47026 : 1
08:09:32.874 [AsyncHttpClient-1-1] DEBUG org.asynchttpclient.netty.channel.DefaultChannelPool -- Entry count for : http://localhost:63259 : 1
08:09:33.977 [AsyncHttpClient-1-1] DEBUG org.asynchttpclient.netty.channel.DefaultChannelPool -- Entry count for : http://localhost:47026 : 1
08:09:33.977 [AsyncHttpClient-1-1] DEBUG org.asynchttpclient.netty.channel.DefaultChannelPool -- Entry count for : http://localhost:63259 : 1
08:09:35.077 [AsyncHttpClient-1-1] DEBUG org.asynchttpclient.netty.channel.DefaultChannelPool -- Entry count for : http://localhost:47026 : 1
08:09:35.077 [AsyncHttpClient-1-1] DEBUG org.asynchttpclient.netty.channel.DefaultChannelPool -- Entry count for : http://localhost:63259 : 1
08:09:36.182 [AsyncHttpClient-1-1] DEBUG org.asynchttpclient.netty.channel.DefaultChannelPool -- Entry count for : http://localhost:47026 : 1
08:09:36.182 [AsyncHttpClient-1-1] DEBUG org.asynchttpclient.netty.channel.DefaultChannelPool -- Entry count for : http://localhost:63259 : 1
08:09:37.275 [AsyncHttpClient-1-1] DEBUG org.asynchttpclient.netty.channel.DefaultChannelPool -- Entry count for : http://localhost:47026 : 1
08:09:37.275 [AsyncHttpClient-1-1] DEBUG org.asynchttpclient.netty.channel.DefaultChannelPool -- Entry count for : http://localhost:63259 : 1
08:09:38.377 [AsyncHttpClient-1-1] DEBUG org.asynchttpclient.netty.channel.DefaultChannelPool -- Entry count for : http://localhost:47026 : 1
08:09:38.377 [AsyncHttpClient-1-1] DEBUG org.asynchttpclient.netty.channel.DefaultChannelPool -- Entry count for : http://localhost:63259 : 1
08:09:39.472 [AsyncHttpClient-1-1] DEBUG org.asynchttpclient.netty.channel.DefaultChannelPool -- Entry count for : http://localhost:47026 : 1
08:09:39.472 [AsyncHttpClient-1-1] DEBUG org.asynchttpclient.netty.channel.DefaultChannelPool -- Entry count for : http://localhost:63259 : 1
08:09:40.575 [AsyncHttpClient-1-1] DEBUG org.asynchttpclient.netty.channel.DefaultChannelPool -- Entry count for : http://localhost:47026 : 1
08:09:40.575 [AsyncHttpClient-1-1] DEBUG org.asynchttpclient.netty.channel.DefaultChannelPool -- Entry count for : http://localhost:63259 : 1
08:09:41.674 [AsyncHttpClient-1-1] DEBUG org.asynchttpclient.netty.channel.DefaultChannelPool -- Entry count for : http://localhost:47026 : 1
08:09:41.674 [AsyncHttpClient-1-1] DEBUG org.asynchttpclient.netty.channel.DefaultChannelPool -- Entry count for : http://localhost:63259 : 1
08:09:42.660 [Driver Command Executor] DEBUG org.asynchttpclient.netty.request.NettyRequestSender -- Using pooled Channel '[id: 0x7b72e9c1, L:/127.0.0.1:63258 - R:localhost/127.0.0.1:47026]' for 'DELETE' to 'http://localhost:47026/session/341ab6fe911245b8031c1578f663075b'
08:09:42.660 [Driver Command Executor] DEBUG org.asynchttpclient.netty.request.NettyRequestSender -- Using open Channel [id: 0x7b72e9c1, L:/127.0.0.1:63258 - R:localhost/127.0.0.1:47026] for DELETE '/session/341ab6fe911245b8031c1578f663075b'
08:09:42.661 [AsyncHttpClient-1-4] DEBUG org.asynchttpclient.netty.handler.WebSocketHandler -- Channel Closed: [id: 0x2192a228, L:/127.0.0.1:63266 ! R:localhost/127.0.0.1:63259] with attribute NettyResponseFuture{currentRetry=0,
	isDone=1,
	isCancelled=0,
	asyncHandler=org.asynchttpclient.ws.WebSocketUpgradeHandler@5b2919b6,
	nettyRequest=org.asynchttpclient.netty.request.NettyRequest@4edbbb9f,
	future=java.util.concurrent.CompletableFuture@1352dc35[Completed normally],
	uri=ws://localhost:63259/devtools/browser/fcb4ff7d-d770-4ee6-9950-2eefc7825546,
	keepAlive=true,
	redirectCount=0,
	timeoutsHolder=null,
	inAuth=0,
	touch=1681902560729}
08:09:42.662 [AsyncHttpClient-1-4] DEBUG org.asynchttpclient.netty.channel.ChannelManager -- Closing Channel [id: 0x2192a228, L:/127.0.0.1:63266 ! R:localhost/127.0.0.1:63259] 
08:09:42.682 [AsyncHttpClient-1-3] DEBUG org.asynchttpclient.netty.handler.HttpHandler -- Unexpected I/O exception on channel [id: 0x76251462, L:/127.0.0.1:63265 - R:localhost/127.0.0.1:63259]
java.net.SocketException: Connection reset
	at java.base/sun.nio.ch.SocketChannelImpl.throwConnectionReset(SocketChannelImpl.java:394)
	at java.base/sun.nio.ch.SocketChannelImpl.read(SocketChannelImpl.java:426)
	at io.netty.buffer.PooledByteBuf.setBytes(PooledByteBuf.java:259)
	at io.netty.buffer.AbstractByteBuf.writeBytes(AbstractByteBuf.java:1132)
	at io.netty.channel.socket.nio.NioSocketChannel.doReadBytes(NioSocketChannel.java:357)
	at io.netty.channel.nio.AbstractNioByteChannel$NioByteUnsafe.read(AbstractNioByteChannel.java:151)
	at io.netty.channel.nio.NioEventLoop.processSelectedKey(NioEventLoop.java:788)
	at io.netty.channel.nio.NioEventLoop.processSelectedKeysOptimized(NioEventLoop.java:724)
	at io.netty.channel.nio.NioEventLoop.processSelectedKeys(NioEventLoop.java:650)
	at io.netty.channel.nio.NioEventLoop.run(NioEventLoop.java:562)
	at io.netty.util.concurrent.SingleThreadEventExecutor$4.run(SingleThreadEventExecutor.java:997)
	at io.netty.util.internal.ThreadExecutorMap$2.run(ThreadExecutorMap.java:74)
	at io.netty.util.concurrent.FastThreadLocalRunnable.run(FastThreadLocalRunnable.java:30)
	at java.base/java.lang.Thread.run(Thread.java:833)
08:09:42.685 [AsyncHttpClient-1-3] DEBUG org.asynchttpclient.netty.channel.ChannelManager -- Closing Channel [id: 0x76251462, L:/127.0.0.1:63265 - R:localhost/127.0.0.1:63259] 
08:09:42.687 [AsyncHttpClient-1-3] DEBUG org.asynchttpclient.netty.handler.HttpHandler -- Channel Closed: [id: 0x76251462, L:/127.0.0.1:63265 ! R:localhost/127.0.0.1:63259] with attribute DISCARD
08:09:42.697 [AsyncHttpClient-1-2] DEBUG org.asynchttpclient.netty.handler.HttpHandler -- 

Request DefaultFullHttpRequest(decodeResult: success, version: HTTP/1.1, content: EmptyByteBufBE)
DELETE /session/341ab6fe911245b8031c1578f663075b HTTP/1.1
User-Agent: selenium/4.8.1 (java windows)
Content-Type: application/json; charset=utf-8
host: localhost:47026
accept: */*

Response DefaultHttpResponse(decodeResult: success, version: HTTP/1.1)
HTTP/1.1 200 OK
Content-Length: 14
Content-Type: application/json; charset=utf-8
cache-control: no-cache

08:09:42.698 [AsyncHttpClient-1-2] DEBUG org.asynchttpclient.netty.channel.ChannelManager -- Adding key: http://localhost:47026 for channel [id: 0x7b72e9c1, L:/127.0.0.1:63258 - R:localhost/127.0.0.1:47026]
08:09:42.739 [AsyncHttpClient-1-2] DEBUG org.asynchttpclient.netty.handler.HttpHandler -- Channel Closed: [id: 0x7b72e9c1, L:/127.0.0.1:63258 ! R:localhost/127.0.0.1:47026] with attribute DISCARD
08:09:42.782 [AsyncHttpClient-1-1] DEBUG org.asynchttpclient.netty.channel.DefaultChannelPool -- Entry count for : http://localhost:47026 : 1
08:09:42.782 [AsyncHttpClient-1-1] DEBUG org.asynchttpclient.netty.channel.DefaultChannelPool -- Entry count for : http://localhost:63259 : 1
08:09:42.782 [AsyncHttpClient-1-1] DEBUG org.asynchttpclient.netty.channel.DefaultChannelPool -- Adding Candidate expired Channel [id: 0x7b72e9c1, L:/127.0.0.1:63258 ! R:localhost/127.0.0.1:47026] isIdleTimeoutExpired=false isRemotelyClosed=true isTtlExpired=false
08:09:42.782 [AsyncHttpClient-1-1] DEBUG org.asynchttpclient.netty.channel.DefaultChannelPool -- Closing Idle Channel [id: 0x7b72e9c1, L:/127.0.0.1:63258 ! R:localhost/127.0.0.1:47026]
08:09:42.783 [AsyncHttpClient-1-1] DEBUG org.asynchttpclient.netty.channel.DefaultChannelPool -- Adding Candidate expired Channel [id: 0x76251462, L:/127.0.0.1:63265 ! R:localhost/127.0.0.1:63259] isIdleTimeoutExpired=false isRemotelyClosed=true isTtlExpired=false
08:09:42.783 [AsyncHttpClient-1-1] DEBUG org.asynchttpclient.netty.channel.DefaultChannelPool -- Closing Idle Channel [id: 0x76251462, L:/127.0.0.1:63265 ! R:localhost/127.0.0.1:63259]
08:09:42.783 [AsyncHttpClient-1-1] DEBUG org.asynchttpclient.netty.channel.DefaultChannelPool -- Closed 2 connections out of 2 in 1 ms
]]></system-out>
    <system-err><![CDATA[Starting ChromeDriver 112.0.5615.49 (bd2a7bcb881c11e8cfe3078709382934e3916914-refs/branch-heads/5615@{#936}) on port 47026
Only local connections are allowed.
Please see https://chromedriver.chromium.org/security-considerations for suggestions on keeping ChromeDriver safe.
ChromeDriver was started successfully.
abr 19, 2023 8:09:20 A. M. org.openqa.selenium.devtools.CdpVersionFinder findNearestMatch
WARNING: Unable to find an exact match for CDP version 112, so returning the closest version found: 110
]]></system-err>
  </testcase>
  <testcase name="registerAnUser on registerAnUser(Tests.ui.singUpLogInOut.TestSingUpLogInOut)" classname="Tests.ui.singUpLogInOut.TestSingUpLogInOut" time="6.657">
    <system-out><![CDATA[08:09:42.868 [AsyncHttpClient-1-5] DEBUG org.asynchttpclient.netty.channel.NettyConnectListener -- Using new Channel '[id: 0x1770de07, L:/127.0.0.1:63277 - R:localhost/127.0.0.1:42705]' for 'POST' to '/session'
08:09:43.412 [AsyncHttpClient-1-5] DEBUG org.asynchttpclient.netty.handler.HttpHandler -- 

Request DefaultHttpRequest(decodeResult: success, version: HTTP/1.1)
POST /session HTTP/1.1
User-Agent: selenium/4.8.1 (java windows)
Content-Length: 489
Content-Type: application/json; charset=utf-8
host: localhost:42705
accept: */*

Response DefaultHttpResponse(decodeResult: success, version: HTTP/1.1)
HTTP/1.1 200 OK
Content-Length: 860
Content-Type: application/json; charset=utf-8
cache-control: no-cache

08:09:43.412 [AsyncHttpClient-1-5] DEBUG org.asynchttpclient.netty.channel.ChannelManager -- Adding key: http://localhost:42705 for channel [id: 0x1770de07, L:/127.0.0.1:63277 - R:localhost/127.0.0.1:42705]
08:09:43.418 [AsyncHttpClient-1-6] DEBUG org.asynchttpclient.netty.channel.NettyConnectListener -- Using new Channel '[id: 0x231b0ff0, L:/127.0.0.1:63284 - R:localhost/127.0.0.1:63278]' for 'GET' to '/json/version'
08:09:43.420 [AsyncHttpClient-1-6] DEBUG org.asynchttpclient.netty.handler.HttpHandler -- 

Request DefaultFullHttpRequest(decodeResult: success, version: HTTP/1.1, content: EmptyByteBufBE)
GET /json/version HTTP/1.1
User-Agent: selenium/4.8.1 (java windows)
host: localhost:63278
accept: */*

Response DefaultHttpResponse(decodeResult: success, version: HTTP/1.1)
HTTP/1.1 200 OK
Content-Security-Policy: frame-ancestors 'none'
Content-Length: 424
Content-Type: application/json; charset=UTF-8

08:09:43.420 [AsyncHttpClient-1-6] DEBUG org.asynchttpclient.netty.channel.ChannelManager -- Adding key: http://localhost:63278 for channel [id: 0x231b0ff0, L:/127.0.0.1:63284 - R:localhost/127.0.0.1:63278]
08:09:43.422 [AsyncHttpClient-1-7] DEBUG org.asynchttpclient.netty.channel.NettyConnectListener -- Using new Channel '[id: 0xcf27f1e9, L:/127.0.0.1:63285 - R:localhost/127.0.0.1:63278]' for 'GET' to '/devtools/browser/a624f833-072a-4669-948b-7fb82c15e39b'
08:09:43.423 [AsyncHttpClient-1-7] DEBUG org.asynchttpclient.netty.handler.WebSocketHandler -- 

Request DefaultFullHttpRequest(decodeResult: success, version: HTTP/1.1, content: EmptyByteBufBE)
GET /devtools/browser/a624f833-072a-4669-948b-7fb82c15e39b HTTP/1.1
upgrade: websocket
connection: upgrade
sec-websocket-key: xZp75RUHI2hBF/NhxoK3ig==
sec-websocket-version: 13
origin: http://localhost:63278
host: localhost:63278
accept: */*
user-agent: AHC/2.1

Response DefaultHttpResponse(decodeResult: success, version: HTTP/1.1)
HTTP/1.1 101 WebSocket Protocol Handshake
Upgrade: WebSocket
Connection: Upgrade
Sec-WebSocket-Accept: PvFP2XfC9/wkyQZ8h764LsAwU2U=

08:09:43.427 [Forwarding maximizeCurrentWindow on session b2e4112d631aceaa2307132e2f371bd9 to remote] DEBUG org.asynchttpclient.netty.request.NettyRequestSender -- Using pooled Channel '[id: 0x1770de07, L:/127.0.0.1:63277 - R:localhost/127.0.0.1:42705]' for 'POST' to 'http://localhost:42705/session/b2e4112d631aceaa2307132e2f371bd9/window/maximize'
08:09:43.427 [Forwarding maximizeCurrentWindow on session b2e4112d631aceaa2307132e2f371bd9 to remote] DEBUG org.asynchttpclient.netty.request.NettyRequestSender -- Using open Channel [id: 0x1770de07, L:/127.0.0.1:63277 - R:localhost/127.0.0.1:42705] for POST '/session/b2e4112d631aceaa2307132e2f371bd9/window/maximize'
08:09:43.558 [AsyncHttpClient-1-5] DEBUG org.asynchttpclient.netty.handler.HttpHandler -- 

Request DefaultHttpRequest(decodeResult: success, version: HTTP/1.1)
POST /session/b2e4112d631aceaa2307132e2f371bd9/window/maximize HTTP/1.1
User-Agent: selenium/4.8.1 (java windows)
Content-Length: 3
Content-Type: application/json; charset=utf-8
host: localhost:42705
accept: */*

Response DefaultHttpResponse(decodeResult: success, version: HTTP/1.1)
HTTP/1.1 200 OK
Content-Length: 52
Content-Type: application/json; charset=utf-8
cache-control: no-cache

08:09:43.559 [AsyncHttpClient-1-5] DEBUG org.asynchttpclient.netty.channel.ChannelManager -- Adding key: http://localhost:42705 for channel [id: 0x1770de07, L:/127.0.0.1:63277 - R:localhost/127.0.0.1:42705]
08:09:43.560 [Forwarding get on session b2e4112d631aceaa2307132e2f371bd9 to remote] DEBUG org.asynchttpclient.netty.request.NettyRequestSender -- Using pooled Channel '[id: 0x1770de07, L:/127.0.0.1:63277 - R:localhost/127.0.0.1:42705]' for 'POST' to 'http://localhost:42705/session/b2e4112d631aceaa2307132e2f371bd9/url'
08:09:43.560 [Forwarding get on session b2e4112d631aceaa2307132e2f371bd9 to remote] DEBUG org.asynchttpclient.netty.request.NettyRequestSender -- Using open Channel [id: 0x1770de07, L:/127.0.0.1:63277 - R:localhost/127.0.0.1:42705] for POST '/session/b2e4112d631aceaa2307132e2f371bd9/url'
08:09:43.875 [AsyncHttpClient-1-1] DEBUG org.asynchttpclient.netty.channel.DefaultChannelPool -- Entry count for : http://localhost:63278 : 1
08:09:44.974 [AsyncHttpClient-1-1] DEBUG org.asynchttpclient.netty.channel.DefaultChannelPool -- Entry count for : http://localhost:63278 : 1
08:09:44.993 [AsyncHttpClient-1-5] DEBUG org.asynchttpclient.netty.handler.HttpHandler -- 

Request DefaultHttpRequest(decodeResult: success, version: HTTP/1.1)
POST /session/b2e4112d631aceaa2307132e2f371bd9/url HTTP/1.1
User-Agent: selenium/4.8.1 (java windows)
Content-Length: 66
Content-Type: application/json; charset=utf-8
host: localhost:42705
accept: */*

Response DefaultHttpResponse(decodeResult: success, version: HTTP/1.1)
HTTP/1.1 200 OK
Content-Length: 14
Content-Type: application/json; charset=utf-8
cache-control: no-cache

08:09:44.993 [AsyncHttpClient-1-5] DEBUG org.asynchttpclient.netty.channel.ChannelManager -- Adding key: http://localhost:42705 for channel [id: 0x1770de07, L:/127.0.0.1:63277 - R:localhost/127.0.0.1:42705]
08:09:44.996 [Forwarding findElement on session b2e4112d631aceaa2307132e2f371bd9 to remote] DEBUG org.asynchttpclient.netty.request.NettyRequestSender -- Using pooled Channel '[id: 0x1770de07, L:/127.0.0.1:63277 - R:localhost/127.0.0.1:42705]' for 'POST' to 'http://localhost:42705/session/b2e4112d631aceaa2307132e2f371bd9/element'
08:09:44.996 [Forwarding findElement on session b2e4112d631aceaa2307132e2f371bd9 to remote] DEBUG org.asynchttpclient.netty.request.NettyRequestSender -- Using open Channel [id: 0x1770de07, L:/127.0.0.1:63277 - R:localhost/127.0.0.1:42705] for POST '/session/b2e4112d631aceaa2307132e2f371bd9/element'
08:09:45.006 [AsyncHttpClient-1-5] DEBUG org.asynchttpclient.netty.handler.HttpHandler -- 

Request DefaultHttpRequest(decodeResult: success, version: HTTP/1.1)
POST /session/b2e4112d631aceaa2307132e2f371bd9/element HTTP/1.1
User-Agent: selenium/4.8.1 (java windows)
Content-Length: 52
Content-Type: application/json; charset=utf-8
host: localhost:42705
accept: */*

Response DefaultHttpResponse(decodeResult: success, version: HTTP/1.1)
HTTP/1.1 200 OK
Content-Length: 88
Content-Type: application/json; charset=utf-8
cache-control: no-cache

08:09:45.006 [AsyncHttpClient-1-5] DEBUG org.asynchttpclient.netty.channel.ChannelManager -- Adding key: http://localhost:42705 for channel [id: 0x1770de07, L:/127.0.0.1:63277 - R:localhost/127.0.0.1:42705]
08:09:45.007 [Forwarding findElement on session b2e4112d631aceaa2307132e2f371bd9 to remote] DEBUG org.asynchttpclient.netty.request.NettyRequestSender -- Using pooled Channel '[id: 0x1770de07, L:/127.0.0.1:63277 - R:localhost/127.0.0.1:42705]' for 'POST' to 'http://localhost:42705/session/b2e4112d631aceaa2307132e2f371bd9/element'
08:09:45.007 [Forwarding findElement on session b2e4112d631aceaa2307132e2f371bd9 to remote] DEBUG org.asynchttpclient.netty.request.NettyRequestSender -- Using open Channel [id: 0x1770de07, L:/127.0.0.1:63277 - R:localhost/127.0.0.1:42705] for POST '/session/b2e4112d631aceaa2307132e2f371bd9/element'
08:09:45.015 [AsyncHttpClient-1-5] DEBUG org.asynchttpclient.netty.handler.HttpHandler -- 

Request DefaultHttpRequest(decodeResult: success, version: HTTP/1.1)
POST /session/b2e4112d631aceaa2307132e2f371bd9/element HTTP/1.1
User-Agent: selenium/4.8.1 (java windows)
Content-Length: 60
Content-Type: application/json; charset=utf-8
host: localhost:42705
accept: */*

Response DefaultHttpResponse(decodeResult: success, version: HTTP/1.1)
HTTP/1.1 200 OK
Content-Length: 88
Content-Type: application/json; charset=utf-8
cache-control: no-cache

08:09:45.015 [AsyncHttpClient-1-5] DEBUG org.asynchttpclient.netty.channel.ChannelManager -- Adding key: http://localhost:42705 for channel [id: 0x1770de07, L:/127.0.0.1:63277 - R:localhost/127.0.0.1:42705]
08:09:45.017 [Forwarding findElement on session b2e4112d631aceaa2307132e2f371bd9 to remote] DEBUG org.asynchttpclient.netty.request.NettyRequestSender -- Using pooled Channel '[id: 0x1770de07, L:/127.0.0.1:63277 - R:localhost/127.0.0.1:42705]' for 'POST' to 'http://localhost:42705/session/b2e4112d631aceaa2307132e2f371bd9/element'
08:09:45.017 [Forwarding findElement on session b2e4112d631aceaa2307132e2f371bd9 to remote] DEBUG org.asynchttpclient.netty.request.NettyRequestSender -- Using open Channel [id: 0x1770de07, L:/127.0.0.1:63277 - R:localhost/127.0.0.1:42705] for POST '/session/b2e4112d631aceaa2307132e2f371bd9/element'
08:09:45.025 [AsyncHttpClient-1-5] DEBUG org.asynchttpclient.netty.handler.HttpHandler -- 

Request DefaultHttpRequest(decodeResult: success, version: HTTP/1.1)
POST /session/b2e4112d631aceaa2307132e2f371bd9/element HTTP/1.1
User-Agent: selenium/4.8.1 (java windows)
Content-Length: 60
Content-Type: application/json; charset=utf-8
host: localhost:42705
accept: */*

Response DefaultHttpResponse(decodeResult: success, version: HTTP/1.1)
HTTP/1.1 200 OK
Content-Length: 88
Content-Type: application/json; charset=utf-8
cache-control: no-cache

08:09:45.025 [AsyncHttpClient-1-5] DEBUG org.asynchttpclient.netty.channel.ChannelManager -- Adding key: http://localhost:42705 for channel [id: 0x1770de07, L:/127.0.0.1:63277 - R:localhost/127.0.0.1:42705]
08:09:45.026 [Forwarding findElement on session b2e4112d631aceaa2307132e2f371bd9 to remote] DEBUG org.asynchttpclient.netty.request.NettyRequestSender -- Using pooled Channel '[id: 0x1770de07, L:/127.0.0.1:63277 - R:localhost/127.0.0.1:42705]' for 'POST' to 'http://localhost:42705/session/b2e4112d631aceaa2307132e2f371bd9/element'
08:09:45.026 [Forwarding findElement on session b2e4112d631aceaa2307132e2f371bd9 to remote] DEBUG org.asynchttpclient.netty.request.NettyRequestSender -- Using open Channel [id: 0x1770de07, L:/127.0.0.1:63277 - R:localhost/127.0.0.1:42705] for POST '/session/b2e4112d631aceaa2307132e2f371bd9/element'
08:09:45.035 [AsyncHttpClient-1-5] DEBUG org.asynchttpclient.netty.handler.HttpHandler -- 

Request DefaultHttpRequest(decodeResult: success, version: HTTP/1.1)
POST /session/b2e4112d631aceaa2307132e2f371bd9/element HTTP/1.1
User-Agent: selenium/4.8.1 (java windows)
Content-Length: 114
Content-Type: application/json; charset=utf-8
host: localhost:42705
accept: */*

Response DefaultHttpResponse(decodeResult: success, version: HTTP/1.1)
HTTP/1.1 200 OK
Content-Length: 88
Content-Type: application/json; charset=utf-8
cache-control: no-cache

08:09:45.035 [AsyncHttpClient-1-5] DEBUG org.asynchttpclient.netty.channel.ChannelManager -- Adding key: http://localhost:42705 for channel [id: 0x1770de07, L:/127.0.0.1:63277 - R:localhost/127.0.0.1:42705]
08:09:45.036 [Forwarding findElement on session b2e4112d631aceaa2307132e2f371bd9 to remote] DEBUG org.asynchttpclient.netty.request.NettyRequestSender -- Using pooled Channel '[id: 0x1770de07, L:/127.0.0.1:63277 - R:localhost/127.0.0.1:42705]' for 'POST' to 'http://localhost:42705/session/b2e4112d631aceaa2307132e2f371bd9/element'
08:09:45.036 [Forwarding findElement on session b2e4112d631aceaa2307132e2f371bd9 to remote] DEBUG org.asynchttpclient.netty.request.NettyRequestSender -- Using open Channel [id: 0x1770de07, L:/127.0.0.1:63277 - R:localhost/127.0.0.1:42705] for POST '/session/b2e4112d631aceaa2307132e2f371bd9/element'
08:09:45.044 [AsyncHttpClient-1-5] DEBUG org.asynchttpclient.netty.handler.HttpHandler -- 

Request DefaultHttpRequest(decodeResult: success, version: HTTP/1.1)
POST /session/b2e4112d631aceaa2307132e2f371bd9/element HTTP/1.1
User-Agent: selenium/4.8.1 (java windows)
Content-Length: 104
Content-Type: application/json; charset=utf-8
host: localhost:42705
accept: */*

Response DefaultHttpResponse(decodeResult: success, version: HTTP/1.1)
HTTP/1.1 200 OK
Content-Length: 88
Content-Type: application/json; charset=utf-8
cache-control: no-cache

08:09:45.045 [AsyncHttpClient-1-5] DEBUG org.asynchttpclient.netty.channel.ChannelManager -- Adding key: http://localhost:42705 for channel [id: 0x1770de07, L:/127.0.0.1:63277 - R:localhost/127.0.0.1:42705]
08:09:45.046 [Forwarding findElement on session b2e4112d631aceaa2307132e2f371bd9 to remote] DEBUG org.asynchttpclient.netty.request.NettyRequestSender -- Using pooled Channel '[id: 0x1770de07, L:/127.0.0.1:63277 - R:localhost/127.0.0.1:42705]' for 'POST' to 'http://localhost:42705/session/b2e4112d631aceaa2307132e2f371bd9/element'
08:09:45.046 [Forwarding findElement on session b2e4112d631aceaa2307132e2f371bd9 to remote] DEBUG org.asynchttpclient.netty.request.NettyRequestSender -- Using open Channel [id: 0x1770de07, L:/127.0.0.1:63277 - R:localhost/127.0.0.1:42705] for POST '/session/b2e4112d631aceaa2307132e2f371bd9/element'
08:09:45.054 [AsyncHttpClient-1-5] DEBUG org.asynchttpclient.netty.handler.HttpHandler -- 

Request DefaultHttpRequest(decodeResult: success, version: HTTP/1.1)
POST /session/b2e4112d631aceaa2307132e2f371bd9/element HTTP/1.1
User-Agent: selenium/4.8.1 (java windows)
Content-Length: 132
Content-Type: application/json; charset=utf-8
host: localhost:42705
accept: */*

Response DefaultHttpResponse(decodeResult: success, version: HTTP/1.1)
HTTP/1.1 200 OK
Content-Length: 88
Content-Type: application/json; charset=utf-8
cache-control: no-cache

08:09:45.054 [AsyncHttpClient-1-5] DEBUG org.asynchttpclient.netty.channel.ChannelManager -- Adding key: http://localhost:42705 for channel [id: 0x1770de07, L:/127.0.0.1:63277 - R:localhost/127.0.0.1:42705]
08:09:45.056 [Forwarding findElement on session b2e4112d631aceaa2307132e2f371bd9 to remote] DEBUG org.asynchttpclient.netty.request.NettyRequestSender -- Using pooled Channel '[id: 0x1770de07, L:/127.0.0.1:63277 - R:localhost/127.0.0.1:42705]' for 'POST' to 'http://localhost:42705/session/b2e4112d631aceaa2307132e2f371bd9/element'
08:09:45.056 [Forwarding findElement on session b2e4112d631aceaa2307132e2f371bd9 to remote] DEBUG org.asynchttpclient.netty.request.NettyRequestSender -- Using open Channel [id: 0x1770de07, L:/127.0.0.1:63277 - R:localhost/127.0.0.1:42705] for POST '/session/b2e4112d631aceaa2307132e2f371bd9/element'
08:09:45.064 [AsyncHttpClient-1-5] DEBUG org.asynchttpclient.netty.handler.HttpHandler -- 

Request DefaultHttpRequest(decodeResult: success, version: HTTP/1.1)
POST /session/b2e4112d631aceaa2307132e2f371bd9/element HTTP/1.1
User-Agent: selenium/4.8.1 (java windows)
Content-Length: 132
Content-Type: application/json; charset=utf-8
host: localhost:42705
accept: */*

Response DefaultHttpResponse(decodeResult: success, version: HTTP/1.1)
HTTP/1.1 200 OK
Content-Length: 88
Content-Type: application/json; charset=utf-8
cache-control: no-cache

08:09:45.064 [AsyncHttpClient-1-5] DEBUG org.asynchttpclient.netty.channel.ChannelManager -- Adding key: http://localhost:42705 for channel [id: 0x1770de07, L:/127.0.0.1:63277 - R:localhost/127.0.0.1:42705]
08:09:45.065 [Forwarding findElement on session b2e4112d631aceaa2307132e2f371bd9 to remote] DEBUG org.asynchttpclient.netty.request.NettyRequestSender -- Using pooled Channel '[id: 0x1770de07, L:/127.0.0.1:63277 - R:localhost/127.0.0.1:42705]' for 'POST' to 'http://localhost:42705/session/b2e4112d631aceaa2307132e2f371bd9/element'
08:09:45.065 [Forwarding findElement on session b2e4112d631aceaa2307132e2f371bd9 to remote] DEBUG org.asynchttpclient.netty.request.NettyRequestSender -- Using open Channel [id: 0x1770de07, L:/127.0.0.1:63277 - R:localhost/127.0.0.1:42705] for POST '/session/b2e4112d631aceaa2307132e2f371bd9/element'
08:09:45.073 [AsyncHttpClient-1-5] DEBUG org.asynchttpclient.netty.handler.HttpHandler -- 

Request DefaultHttpRequest(decodeResult: success, version: HTTP/1.1)
POST /session/b2e4112d631aceaa2307132e2f371bd9/element HTTP/1.1
User-Agent: selenium/4.8.1 (java windows)
Content-Length: 114
Content-Type: application/json; charset=utf-8
host: localhost:42705
accept: */*

Response DefaultHttpResponse(decodeResult: success, version: HTTP/1.1)
HTTP/1.1 200 OK
Content-Length: 88
Content-Type: application/json; charset=utf-8
cache-control: no-cache

08:09:45.073 [AsyncHttpClient-1-5] DEBUG org.asynchttpclient.netty.channel.ChannelManager -- Adding key: http://localhost:42705 for channel [id: 0x1770de07, L:/127.0.0.1:63277 - R:localhost/127.0.0.1:42705]
08:09:45.074 [Forwarding findElement on session b2e4112d631aceaa2307132e2f371bd9 to remote] DEBUG org.asynchttpclient.netty.request.NettyRequestSender -- Using pooled Channel '[id: 0x1770de07, L:/127.0.0.1:63277 - R:localhost/127.0.0.1:42705]' for 'POST' to 'http://localhost:42705/session/b2e4112d631aceaa2307132e2f371bd9/element'
08:09:45.074 [Forwarding findElement on session b2e4112d631aceaa2307132e2f371bd9 to remote] DEBUG org.asynchttpclient.netty.request.NettyRequestSender -- Using open Channel [id: 0x1770de07, L:/127.0.0.1:63277 - R:localhost/127.0.0.1:42705] for POST '/session/b2e4112d631aceaa2307132e2f371bd9/element'
08:09:45.082 [AsyncHttpClient-1-5] DEBUG org.asynchttpclient.netty.handler.HttpHandler -- 

Request DefaultHttpRequest(decodeResult: success, version: HTTP/1.1)
POST /session/b2e4112d631aceaa2307132e2f371bd9/element HTTP/1.1
User-Agent: selenium/4.8.1 (java windows)
Content-Length: 104
Content-Type: application/json; charset=utf-8
host: localhost:42705
accept: */*

Response DefaultHttpResponse(decodeResult: success, version: HTTP/1.1)
HTTP/1.1 200 OK
Content-Length: 88
Content-Type: application/json; charset=utf-8
cache-control: no-cache

08:09:45.082 [AsyncHttpClient-1-5] DEBUG org.asynchttpclient.netty.channel.ChannelManager -- Adding key: http://localhost:42705 for channel [id: 0x1770de07, L:/127.0.0.1:63277 - R:localhost/127.0.0.1:42705]
08:09:46.076 [AsyncHttpClient-1-1] DEBUG org.asynchttpclient.netty.channel.DefaultChannelPool -- Entry count for : http://localhost:63278 : 1
08:09:46.076 [AsyncHttpClient-1-1] DEBUG org.asynchttpclient.netty.channel.DefaultChannelPool -- Entry count for : http://localhost:42705 : 1
08:09:46.094 [Forwarding isElementDisplayed on session b2e4112d631aceaa2307132e2f371bd9 to remote] DEBUG org.asynchttpclient.netty.request.NettyRequestSender -- Using pooled Channel '[id: 0x1770de07, L:/127.0.0.1:63277 - R:localhost/127.0.0.1:42705]' for 'POST' to 'http://localhost:42705/session/b2e4112d631aceaa2307132e2f371bd9/execute/sync'
08:09:46.094 [Forwarding isElementDisplayed on session b2e4112d631aceaa2307132e2f371bd9 to remote] DEBUG org.asynchttpclient.netty.request.NettyRequestSender -- Using open Channel [id: 0x1770de07, L:/127.0.0.1:63277 - R:localhost/127.0.0.1:42705] for POST '/session/b2e4112d631aceaa2307132e2f371bd9/execute/sync'
08:09:46.106 [AsyncHttpClient-1-5] DEBUG org.asynchttpclient.netty.handler.HttpHandler -- 

Request DefaultHttpRequest(decodeResult: success, version: HTTP/1.1)
POST /session/b2e4112d631aceaa2307132e2f371bd9/execute/sync HTTP/1.1
User-Agent: selenium/4.8.1 (java windows)
Content-Length: 48807
Content-Type: application/json; charset=utf-8
host: localhost:42705
accept: */*

Response DefaultHttpResponse(decodeResult: success, version: HTTP/1.1)
HTTP/1.1 200 OK
Content-Length: 14
Content-Type: application/json; charset=utf-8
cache-control: no-cache

08:09:46.106 [AsyncHttpClient-1-5] DEBUG org.asynchttpclient.netty.channel.ChannelManager -- Adding key: http://localhost:42705 for channel [id: 0x1770de07, L:/127.0.0.1:63277 - R:localhost/127.0.0.1:42705]
[...]
08:09:53.780 [AsyncHttpClient-1-1] DEBUG org.asynchttpclient.netty.channel.DefaultChannelPool -- Entry count for : http://localhost:46252 : 1
08:09:53.780 [AsyncHttpClient-1-1] DEBUG org.asynchttpclient.netty.channel.DefaultChannelPool -- Entry count for : http://localhost:63299 : 1
08:09:53.955 [Forwarding isElementDisplayed on session eaa988325537a30bb965559641e7edef to remote] DEBUG org.asynchttpclient.netty.request.NettyRequestSender -- Using pooled Channel '[id: 0x51d11299, L:/127.0.0.1:63298 - R:localhost/127.0.0.1:46252]' for 'POST' to 'http://localhost:46252/session/eaa988325537a30bb965559641e7edef/execute/sync'
08:09:53.955 [Forwarding isElementDisplayed on session eaa988325537a30bb965559641e7edef to remote] DEBUG org.asynchttpclient.netty.request.NettyRequestSender -- Using open Channel [id: 0x51d11299, L:/127.0.0.1:63298 - R:localhost/127.0.0.1:46252] for POST '/session/eaa988325537a30bb965559641e7edef/execute/sync'
08:09:53.965 [AsyncHttpClient-1-8] DEBUG org.asynchttpclient.netty.handler.HttpHandler -- 

Request DefaultHttpRequest(decodeResult: success, version: HTTP/1.1)
POST /session/eaa988325537a30bb965559641e7edef/execute/sync HTTP/1.1
User-Agent: selenium/4.8.1 (java windows)
Content-Length: 48807
Content-Type: application/json; charset=utf-8
host: localhost:46252
accept: */*

Response DefaultHttpResponse(decodeResult: success, version: HTTP/1.1)
HTTP/1.1 200 OK
Content-Length: 14
Content-Type: application/json; charset=utf-8
cache-control: no-cache

08:09:53.966 [AsyncHttpClient-1-8] DEBUG org.asynchttpclient.netty.channel.ChannelManager -- Adding key: http://localhost:46252 for channel [id: 0x51d11299, L:/127.0.0.1:63298 - R:localhost/127.0.0.1:46252]
08:09:53.967 [Forwarding clickElement on session eaa988325537a30bb965559641e7edef to remote] DEBUG org.asynchttpclient.netty.request.NettyRequestSender -- Using pooled Channel '[id: 0x51d11299, L:/127.0.0.1:63298 - R:localhost/127.0.0.1:46252]' for 'POST' to 'http://localhost:46252/session/eaa988325537a30bb965559641e7edef/element/f7b3a2e3-4e5d-4a4f-821e-01ec3414db4e/click'
08:09:53.967 [Forwarding clickElement on session eaa988325537a30bb965559641e7edef to remote] DEBUG org.asynchttpclient.netty.request.NettyRequestSender -- Using open Channel [id: 0x51d11299, L:/127.0.0.1:63298 - R:localhost/127.0.0.1:46252] for POST '/session/eaa988325537a30bb965559641e7edef/element/f7b3a2e3-4e5d-4a4f-821e-01ec3414db4e/click'
08:09:54.001 [AsyncHttpClient-1-8] DEBUG org.asynchttpclient.netty.handler.HttpHandler -- 

Request DefaultHttpRequest(decodeResult: success, version: HTTP/1.1)
POST /session/eaa988325537a30bb965559641e7edef/element/f7b3a2e3-4e5d-4a4f-821e-01ec3414db4e/click HTTP/1.1
User-Agent: selenium/4.8.1 (java windows)
Content-Length: 50
Content-Type: application/json; charset=utf-8
host: localhost:46252
accept: */*

Response DefaultHttpResponse(decodeResult: success, version: HTTP/1.1)
HTTP/1.1 200 OK
Content-Length: 14
Content-Type: application/json; charset=utf-8
cache-control: no-cache

08:09:54.001 [AsyncHttpClient-1-8] DEBUG org.asynchttpclient.netty.channel.ChannelManager -- Adding key: http://localhost:46252 for channel [id: 0x51d11299, L:/127.0.0.1:63298 - R:localhost/127.0.0.1:46252]
08:09:54.873 [AsyncHttpClient-1-1] DEBUG org.asynchttpclient.netty.channel.DefaultChannelPool -- Entry count for : http://localhost:46252 : 1
08:09:54.873 [AsyncHttpClient-1-1] DEBUG org.asynchttpclient.netty.channel.DefaultChannelPool -- Entry count for : http://localhost:63299 : 1
08:09:55.977 [AsyncHttpClient-1-1] DEBUG org.asynchttpclient.netty.channel.DefaultChannelPool -- Entry count for : http://localhost:46252 : 1
08:09:55.977 [AsyncHttpClient-1-1] DEBUG org.asynchttpclient.netty.channel.DefaultChannelPool -- Entry count for : http://localhost:63299 : 1
08:09:56.010 [Forwarding isElementDisplayed on session eaa988325537a30bb965559641e7edef to remote] DEBUG org.asynchttpclient.netty.request.NettyRequestSender -- Using pooled Channel '[id: 0x51d11299, L:/127.0.0.1:63298 - R:localhost/127.0.0.1:46252]' for 'POST' to 'http://localhost:46252/session/eaa988325537a30bb965559641e7edef/execute/sync'
08:09:56.010 [Forwarding isElementDisplayed on session eaa988325537a30bb965559641e7edef to remote] DEBUG org.asynchttpclient.netty.request.NettyRequestSender -- Using open Channel [id: 0x51d11299, L:/127.0.0.1:63298 - R:localhost/127.0.0.1:46252] for POST '/session/eaa988325537a30bb965559641e7edef/execute/sync'
08:09:56.020 [AsyncHttpClient-1-8] DEBUG org.asynchttpclient.netty.handler.HttpHandler -- 

Request DefaultHttpRequest(decodeResult: success, version: HTTP/1.1)
POST /session/eaa988325537a30bb965559641e7edef/execute/sync HTTP/1.1
User-Agent: selenium/4.8.1 (java windows)
Content-Length: 48807
Content-Type: application/json; charset=utf-8
host: localhost:46252
accept: */*

Response DefaultHttpResponse(decodeResult: success, version: HTTP/1.1)
HTTP/1.1 200 OK
Content-Length: 14
Content-Type: application/json; charset=utf-8
cache-control: no-cache

08:09:56.020 [AsyncHttpClient-1-8] DEBUG org.asynchttpclient.netty.channel.ChannelManager -- Adding key: http://localhost:46252 for channel [id: 0x51d11299, L:/127.0.0.1:63298 - R:localhost/127.0.0.1:46252]
08:09:56.022 [Forwarding isElementDisplayed on session eaa988325537a30bb965559641e7edef to remote] DEBUG org.asynchttpclient.netty.request.NettyRequestSender -- Using pooled Channel '[id: 0x51d11299, L:/127.0.0.1:63298 - R:localhost/127.0.0.1:46252]' for 'POST' to 'http://localhost:46252/session/eaa988325537a30bb965559641e7edef/execute/sync'
08:09:56.022 [Forwarding isElementDisplayed on session eaa988325537a30bb965559641e7edef to remote] DEBUG org.asynchttpclient.netty.request.NettyRequestSender -- Using open Channel [id: 0x51d11299, L:/127.0.0.1:63298 - R:localhost/127.0.0.1:46252] for POST '/session/eaa988325537a30bb965559641e7edef/execute/sync'
08:09:56.030 [AsyncHttpClient-1-8] DEBUG org.asynchttpclient.netty.handler.HttpHandler -- 

Request DefaultHttpRequest(decodeResult: success, version: HTTP/1.1)
POST /session/eaa988325537a30bb965559641e7edef/execute/sync HTTP/1.1
User-Agent: selenium/4.8.1 (java windows)
Content-Length: 48807
Content-Type: application/json; charset=utf-8
host: localhost:46252
accept: */*

Response DefaultHttpResponse(decodeResult: success, version: HTTP/1.1)
HTTP/1.1 200 OK
Content-Length: 14
Content-Type: application/json; charset=utf-8
cache-control: no-cache

08:09:56.030 [AsyncHttpClient-1-8] DEBUG org.asynchttpclient.netty.channel.ChannelManager -- Adding key: http://localhost:46252 for channel [id: 0x51d11299, L:/127.0.0.1:63298 - R:localhost/127.0.0.1:46252]
08:09:56.031 [Forwarding sendKeysToElement on session eaa988325537a30bb965559641e7edef to remote] DEBUG org.asynchttpclient.netty.request.NettyRequestSender -- Using pooled Channel '[id: 0x51d11299, L:/127.0.0.1:63298 - R:localhost/127.0.0.1:46252]' for 'POST' to 'http://localhost:46252/session/eaa988325537a30bb965559641e7edef/element/c1aac21c-494c-4927-b068-1cd84bf4f3e9/value'
08:09:56.031 [Forwarding sendKeysToElement on session eaa988325537a30bb965559641e7edef to remote] DEBUG org.asynchttpclient.netty.request.NettyRequestSender -- Using open Channel [id: 0x51d11299, L:/127.0.0.1:63298 - R:localhost/127.0.0.1:46252] for POST '/session/eaa988325537a30bb965559641e7edef/element/c1aac21c-494c-4927-b068-1cd84bf4f3e9/value'
08:09:56.086 [AsyncHttpClient-1-8] DEBUG org.asynchttpclient.netty.handler.HttpHandler -- 

Request DefaultHttpRequest(decodeResult: success, version: HTTP/1.1)
POST /session/eaa988325537a30bb965559641e7edef/element/c1aac21c-494c-4927-b068-1cd84bf4f3e9/value HTTP/1.1
User-Agent: selenium/4.8.1 (java windows)
Content-Length: 201
Content-Type: application/json; charset=utf-8
host: localhost:46252
accept: */*

Response DefaultHttpResponse(decodeResult: success, version: HTTP/1.1)
HTTP/1.1 200 OK
Content-Length: 14
Content-Type: application/json; charset=utf-8
cache-control: no-cache

08:09:56.087 [AsyncHttpClient-1-8] DEBUG org.asynchttpclient.netty.channel.ChannelManager -- Adding key: http://localhost:46252 for channel [id: 0x51d11299, L:/127.0.0.1:63298 - R:localhost/127.0.0.1:46252]
08:09:56.088 [Forwarding sendKeysToElement on session eaa988325537a30bb965559641e7edef to remote] DEBUG org.asynchttpclient.netty.request.NettyRequestSender -- Using pooled Channel '[id: 0x51d11299, L:/127.0.0.1:63298 - R:localhost/127.0.0.1:46252]' for 'POST' to 'http://localhost:46252/session/eaa988325537a30bb965559641e7edef/element/0d0211d5-c2ac-4f96-81a2-c30b51c9b168/value'
08:09:56.088 [Forwarding sendKeysToElement on session eaa988325537a30bb965559641e7edef to remote] DEBUG org.asynchttpclient.netty.request.NettyRequestSender -- Using open Channel [id: 0x51d11299, L:/127.0.0.1:63298 - R:localhost/127.0.0.1:46252] for POST '/session/eaa988325537a30bb965559641e7edef/element/0d0211d5-c2ac-4f96-81a2-c30b51c9b168/value'
08:09:56.135 [AsyncHttpClient-1-8] DEBUG org.asynchttpclient.netty.handler.HttpHandler -- 

Request DefaultHttpRequest(decodeResult: success, version: HTTP/1.1)
POST /session/eaa988325537a30bb965559641e7edef/element/0d0211d5-c2ac-4f96-81a2-c30b51c9b168/value HTTP/1.1
User-Agent: selenium/4.8.1 (java windows)
Content-Length: 181
Content-Type: application/json; charset=utf-8
host: localhost:46252
accept: */*

Response DefaultHttpResponse(decodeResult: success, version: HTTP/1.1)
HTTP/1.1 200 OK
Content-Length: 14
Content-Type: application/json; charset=utf-8
cache-control: no-cache

08:09:56.135 [AsyncHttpClient-1-8] DEBUG org.asynchttpclient.netty.channel.ChannelManager -- Adding key: http://localhost:46252 for channel [id: 0x51d11299, L:/127.0.0.1:63298 - R:localhost/127.0.0.1:46252]
08:09:56.137 [Forwarding isElementDisplayed on session eaa988325537a30bb965559641e7edef to remote] DEBUG org.asynchttpclient.netty.request.NettyRequestSender -- Using pooled Channel '[id: 0x51d11299, L:/127.0.0.1:63298 - R:localhost/127.0.0.1:46252]' for 'POST' to 'http://localhost:46252/session/eaa988325537a30bb965559641e7edef/execute/sync'
08:09:56.137 [Forwarding isElementDisplayed on session eaa988325537a30bb965559641e7edef to remote] DEBUG org.asynchttpclient.netty.request.NettyRequestSender -- Using open Channel [id: 0x51d11299, L:/127.0.0.1:63298 - R:localhost/127.0.0.1:46252] for POST '/session/eaa988325537a30bb965559641e7edef/execute/sync'
08:09:56.145 [AsyncHttpClient-1-8] DEBUG org.asynchttpclient.netty.handler.HttpHandler -- 

Request DefaultHttpRequest(decodeResult: success, version: HTTP/1.1)
POST /session/eaa988325537a30bb965559641e7edef/execute/sync HTTP/1.1
User-Agent: selenium/4.8.1 (java windows)
Content-Length: 48807
Content-Type: application/json; charset=utf-8
host: localhost:46252
accept: */*

Response DefaultHttpResponse(decodeResult: success, version: HTTP/1.1)
HTTP/1.1 200 OK
Content-Length: 14
Content-Type: application/json; charset=utf-8
cache-control: no-cache

08:09:56.145 [AsyncHttpClient-1-8] DEBUG org.asynchttpclient.netty.channel.ChannelManager -- Adding key: http://localhost:46252 for channel [id: 0x51d11299, L:/127.0.0.1:63298 - R:localhost/127.0.0.1:46252]
08:09:56.146 [Forwarding clickElement on session eaa988325537a30bb965559641e7edef to remote] DEBUG org.asynchttpclient.netty.request.NettyRequestSender -- Using pooled Channel '[id: 0x51d11299, L:/127.0.0.1:63298 - R:localhost/127.0.0.1:46252]' for 'POST' to 'http://localhost:46252/session/eaa988325537a30bb965559641e7edef/element/ea7d8187-81a6-4f24-a952-2e354b59ec84/click'
08:09:56.146 [Forwarding clickElement on session eaa988325537a30bb965559641e7edef to remote] DEBUG org.asynchttpclient.netty.request.NettyRequestSender -- Using open Channel [id: 0x51d11299, L:/127.0.0.1:63298 - R:localhost/127.0.0.1:46252] for POST '/session/eaa988325537a30bb965559641e7edef/element/ea7d8187-81a6-4f24-a952-2e354b59ec84/click'
08:09:56.179 [AsyncHttpClient-1-8] DEBUG org.asynchttpclient.netty.handler.HttpHandler -- 

Request DefaultHttpRequest(decodeResult: success, version: HTTP/1.1)
POST /session/eaa988325537a30bb965559641e7edef/element/ea7d8187-81a6-4f24-a952-2e354b59ec84/click HTTP/1.1
User-Agent: selenium/4.8.1 (java windows)
Content-Length: 50
Content-Type: application/json; charset=utf-8
host: localhost:46252
accept: */*

Response DefaultHttpResponse(decodeResult: success, version: HTTP/1.1)
HTTP/1.1 200 OK
Content-Length: 14
Content-Type: application/json; charset=utf-8
cache-control: no-cache

08:09:56.179 [AsyncHttpClient-1-8] DEBUG org.asynchttpclient.netty.channel.ChannelManager -- Adding key: http://localhost:46252 for channel [id: 0x51d11299, L:/127.0.0.1:63298 - R:localhost/127.0.0.1:46252]
08:09:57.084 [AsyncHttpClient-1-1] DEBUG org.asynchttpclient.netty.channel.DefaultChannelPool -- Entry count for : http://localhost:46252 : 1
08:09:57.084 [AsyncHttpClient-1-1] DEBUG org.asynchttpclient.netty.channel.DefaultChannelPool -- Entry count for : http://localhost:63299 : 1
08:09:58.173 [AsyncHttpClient-1-1] DEBUG org.asynchttpclient.netty.channel.DefaultChannelPool -- Entry count for : http://localhost:46252 : 1
08:09:58.173 [AsyncHttpClient-1-1] DEBUG org.asynchttpclient.netty.channel.DefaultChannelPool -- Entry count for : http://localhost:63299 : 1
08:09:59.276 [AsyncHttpClient-1-1] DEBUG org.asynchttpclient.netty.channel.DefaultChannelPool -- Entry count for : http://localhost:46252 : 1
08:09:59.276 [AsyncHttpClient-1-1] DEBUG org.asynchttpclient.netty.channel.DefaultChannelPool -- Entry count for : http://localhost:63299 : 1
08:10:00.374 [AsyncHttpClient-1-1] DEBUG org.asynchttpclient.netty.channel.DefaultChannelPool -- Entry count for : http://localhost:46252 : 1
08:10:00.374 [AsyncHttpClient-1-1] DEBUG org.asynchttpclient.netty.channel.DefaultChannelPool -- Entry count for : http://localhost:63299 : 1
08:10:01.191 [Forwarding executeScript on session eaa988325537a30bb965559641e7edef to remote] DEBUG org.asynchttpclient.netty.request.NettyRequestSender -- Using pooled Channel '[id: 0x51d11299, L:/127.0.0.1:63298 - R:localhost/127.0.0.1:46252]' for 'POST' to 'http://localhost:46252/session/eaa988325537a30bb965559641e7edef/execute/sync'
08:10:01.192 [Forwarding executeScript on session eaa988325537a30bb965559641e7edef to remote] DEBUG org.asynchttpclient.netty.request.NettyRequestSender -- Using open Channel [id: 0x51d11299, L:/127.0.0.1:63298 - R:localhost/127.0.0.1:46252] for POST '/session/eaa988325537a30bb965559641e7edef/execute/sync'
08:10:01.472 [AsyncHttpClient-1-1] DEBUG org.asynchttpclient.netty.channel.DefaultChannelPool -- Entry count for : http://localhost:63299 : 1
08:10:01.849 [AsyncHttpClient-1-8] DEBUG org.asynchttpclient.netty.handler.HttpHandler -- 

Request DefaultHttpRequest(decodeResult: success, version: HTTP/1.1)
POST /session/eaa988325537a30bb965559641e7edef/execute/sync HTTP/1.1
User-Agent: selenium/4.8.1 (java windows)
Content-Length: 44
Content-Type: application/json; charset=utf-8
host: localhost:46252
accept: */*

Response DefaultHttpResponse(decodeResult: success, version: HTTP/1.1)
HTTP/1.1 200 OK
Content-Length: 14
Content-Type: application/json; charset=utf-8
cache-control: no-cache

08:10:01.849 [AsyncHttpClient-1-8] DEBUG org.asynchttpclient.netty.channel.ChannelManager -- Adding key: http://localhost:46252 for channel [id: 0x51d11299, L:/127.0.0.1:63298 - R:localhost/127.0.0.1:46252]
08:10:01.850 [AsyncHttpClient-1-10] DEBUG org.asynchttpclient.netty.handler.WebSocketHandler -- Channel Closed: [id: 0x780ddd0a, L:/127.0.0.1:63306 ! R:localhost/127.0.0.1:63299] with attribute NettyResponseFuture{currentRetry=0,
	isDone=1,
	isCancelled=0,
	asyncHandler=org.asynchttpclient.ws.WebSocketUpgradeHandler@4aea62a3,
	nettyRequest=org.asynchttpclient.netty.request.NettyRequest@fe8e59a,
	future=java.util.concurrent.CompletableFuture@5fe42925[Completed normally],
	uri=ws://localhost:63299/devtools/browser/69a41c98-d57c-461e-864e-1aa9207beb4b,
	keepAlive=true,
	redirectCount=0,
	timeoutsHolder=null,
	inAuth=0,
	touch=1681902590085}
08:10:01.850 [AsyncHttpClient-1-10] DEBUG org.asynchttpclient.netty.channel.ChannelManager -- Closing Channel [id: 0x780ddd0a, L:/127.0.0.1:63306 ! R:localhost/127.0.0.1:63299] 
08:10:01.850 [Driver Command Executor] DEBUG org.asynchttpclient.netty.request.NettyRequestSender -- Using pooled Channel '[id: 0x51d11299, L:/127.0.0.1:63298 - R:localhost/127.0.0.1:46252]' for 'DELETE' to 'http://localhost:46252/session/eaa988325537a30bb965559641e7edef'
08:10:01.850 [Driver Command Executor] DEBUG org.asynchttpclient.netty.request.NettyRequestSender -- Using open Channel [id: 0x51d11299, L:/127.0.0.1:63298 - R:localhost/127.0.0.1:46252] for DELETE '/session/eaa988325537a30bb965559641e7edef'
08:10:01.870 [AsyncHttpClient-1-9] DEBUG org.asynchttpclient.netty.handler.HttpHandler -- Unexpected I/O exception on channel [id: 0x57046ed1, L:/127.0.0.1:63305 - R:localhost/127.0.0.1:63299]
java.net.SocketException: Connection reset
	at java.base/sun.nio.ch.SocketChannelImpl.throwConnectionReset(SocketChannelImpl.java:394)
	at java.base/sun.nio.ch.SocketChannelImpl.read(SocketChannelImpl.java:426)
	at io.netty.buffer.PooledByteBuf.setBytes(PooledByteBuf.java:259)
	at io.netty.buffer.AbstractByteBuf.writeBytes(AbstractByteBuf.java:1132)
	at io.netty.channel.socket.nio.NioSocketChannel.doReadBytes(NioSocketChannel.java:357)
	at io.netty.channel.nio.AbstractNioByteChannel$NioByteUnsafe.read(AbstractNioByteChannel.java:151)
	at io.netty.channel.nio.NioEventLoop.processSelectedKey(NioEventLoop.java:788)
	at io.netty.channel.nio.NioEventLoop.processSelectedKeysOptimized(NioEventLoop.java:724)
	at io.netty.channel.nio.NioEventLoop.processSelectedKeys(NioEventLoop.java:650)
	at io.netty.channel.nio.NioEventLoop.run(NioEventLoop.java:562)
	at io.netty.util.concurrent.SingleThreadEventExecutor$4.run(SingleThreadEventExecutor.java:997)
	at io.netty.util.internal.ThreadExecutorMap$2.run(ThreadExecutorMap.java:74)
	at io.netty.util.concurrent.FastThreadLocalRunnable.run(FastThreadLocalRunnable.java:30)
	at java.base/java.lang.Thread.run(Thread.java:833)
08:10:01.871 [AsyncHttpClient-1-9] DEBUG org.asynchttpclient.netty.channel.ChannelManager -- Closing Channel [id: 0x57046ed1, L:/127.0.0.1:63305 - R:localhost/127.0.0.1:63299] 
08:10:01.871 [AsyncHttpClient-1-9] DEBUG org.asynchttpclient.netty.handler.HttpHandler -- Channel Closed: [id: 0x57046ed1, L:/127.0.0.1:63305 ! R:localhost/127.0.0.1:63299] with attribute DISCARD
08:10:01.884 [AsyncHttpClient-1-8] DEBUG org.asynchttpclient.netty.handler.HttpHandler -- 

Request DefaultFullHttpRequest(decodeResult: success, version: HTTP/1.1, content: EmptyByteBufBE)
DELETE /session/eaa988325537a30bb965559641e7edef HTTP/1.1
User-Agent: selenium/4.8.1 (java windows)
Content-Type: application/json; charset=utf-8
host: localhost:46252
accept: */*

Response DefaultHttpResponse(decodeResult: success, version: HTTP/1.1)
HTTP/1.1 200 OK
Content-Length: 14
Content-Type: application/json; charset=utf-8
cache-control: no-cache

08:10:01.884 [AsyncHttpClient-1-8] DEBUG org.asynchttpclient.netty.channel.ChannelManager -- Adding key: http://localhost:46252 for channel [id: 0x51d11299, L:/127.0.0.1:63298 - R:localhost/127.0.0.1:46252]
08:10:01.916 [AsyncHttpClient-1-8] DEBUG org.asynchttpclient.netty.handler.HttpHandler -- Channel Closed: [id: 0x51d11299, L:/127.0.0.1:63298 ! R:localhost/127.0.0.1:46252] with attribute DISCARD
]]></system-out>
    <system-err><![CDATA[Starting ChromeDriver 112.0.5615.49 (bd2a7bcb881c11e8cfe3078709382934e3916914-refs/branch-heads/5615@{#936}) on port 46252
Only local connections are allowed.
Please see https://chromedriver.chromium.org/security-considerations for suggestions on keeping ChromeDriver safe.
ChromeDriver was started successfully.
abr 19, 2023 8:09:50 A. M. org.openqa.selenium.devtools.CdpVersionFinder findNearestMatch
WARNING: Unable to find an exact match for CDP version 112, so returning the closest version found: 110
]]></system-err>
  </testcase>
</testsuite>