<?xml version="1.0" encoding="UTF-8"?>
<!-- Generated by org.testng.reporters.JUnitXMLReporter -->
<testsuite ignored="0" hostname="DESKTOP-BM2RQPJ" failures="0" tests="6" name="Surefire test" time="46.897" errors="0" timestamp="2023-04-19T08:10:01 ART">
  <testcase classname="Tests.api.swagger.apiTest" name="test1postPet on test1postPet(Tests.api.swagger.apiTest)" time="2.432"/>
  <testcase classname="Tests.api.swagger.apiTest" name="test2getPet on test2getPet(Tests.api.swagger.apiTest)" time="3.435"/>
  <testcase classname="Tests.api.swagger.apiTest" name="test3putPet on test3putPet(Tests.api.swagger.apiTest)" time="4.415"/>
  <testcase classname="Tests.ui.addToCart.TestAddToCart" name="addToCartLaptop on addToCartLaptop(Tests.ui.addToCart.TestAddToCart)" time="23.238"/>
  <testcase classname="Tests.ui.singUpLogInOut.TestSingUpLogInOut" name="registerAnUser on registerAnUser(Tests.ui.singUpLogInOut.TestSingUpLogInOut)" time="6.68"/>
  <testcase classname="Tests.ui.singUpLogInOut.TestSingUpLogInOut" name="login on login(Tests.ui.singUpLogInOut.TestSingUpLogInOut)" time="19.184"/>
</testsuite> <!-- Surefire test -->
